 --- BIN FILE READ: header
  10662 INCLUDE 'header';
  10663   PROCEDURE LATTICE SEXTGX1 SEXTGY1 EB1 RFFLAG MAPARR SPNRARR;
  10664     VARIABLE VRF 1 1 1;
  10665     VARIABLE FREQ 1;
  10666     VARIABLE HNUM 1;
  10667     VARIABLE I 1;
  10668     VARIABLE LEN_S 1;
  10669     VARIABLE A 1;
  10670     VARIABLE EBE 1;
  10671     VARIABLE BBE 1;
  10672     VARIABLE SF 1;
  10673     VARIABLE SD 1;
  10674     VARIABLE SF1 1;
  10675     VARIABLE SF2 1;
  10676     VARIABLE SD1 1;
  10677     VARIABLE SD2 1;
  10678     VARIABLE QF1 1;
  10679     VARIABLE QD 1;
  10680     VARIABLE Q9W2 1;
  10681     VARIABLE Q7W2 1;
  10682     VARIABLE Q6W2 1;
  10683     VARIABLE Q5W2 1;
  10684     VARIABLE Q4W2 1;
  10685     VARIABLE Q3W2 1;
  10686     VARIABLE Q2W2 1;
  10687     VARIABLE Q1W2 1;
  10688     VARIABLE QFF3W 1;
  10689     VARIABLE QFF2W 1;
  10690     VARIABLE QFF1W 1;
  10691     EBE := EB1;
  10692     A := 0.05;
  10693     LEN_S := 0.30;
  10694     SF:= SEXTGX1;
  10695     SD:= SEXTGY1;
  10696     QF1:= 0.5148373645;
  10697     QD :=-0.5037116682;
  10698     Q9W2:= 0.5165649809;
  10699     Q7W2:= 0.5100182514;
  10700     Q6W2:=-0.5184853392;
  10701     Q5W2:= 0.5185577457;
  10702     Q4W2:=-0.5166681483;
  10703     Q3W2:= 0.5101517326;
  10704     Q2W2:= 0.5206704002;
  10705     Q1W2:=-0.5144561001;
  10706     QFF3W:= 0.4296563344;
  10707     QFF2W:=-0.4327210556;
  10708     QFF1W:= 0.4355907633;
  10709     HNUM := 66;
  10710     VRF(1, 1) := 100/HNUM;
  10711     FREQ := HNUM*REVFREQ(FACCLEN(1)); %REVFREQ: 9907 %FACCLEN:10534
  10712     WRITE 6 '********************************************';
  10713     WRITE 6 '*      FS NICA BYPASS 7 NOW 2022           *';
  10714     WRITE 6 '********************************************';
  10715     WRITE 6 'REVOLUTION FREQUENCY: '&ST(REVFREQ(FACCLEN(1))/1E6)&' MHZ
                  '; %REVFREQ: 9907 %FACCLEN:10534
  10716     WRITE 6 'RF FREQUENCY: '&ST(FREQ/1E6)&' MHZ';
  10717     UM; %UM: 1488
  10718     CR; %CR:  947
  10719     LOOP I 1 1;
  10720       UM; %UM: 1488
  10721       DL 0.215 ; %DL: 6559
  10722       SMAPS 1 MAPARR SPNRARR; %SMAPS:10113
  10723       UM; %UM: 1488
  10724       SBEND 1.94 0.07853981588 0 0.03926990817 0.03586152553 0.0392699
                  0817 0.03586152553 0.5 0.5 ; %SBEND:10385
  10725       SMAPS 2 MAPARR SPNRARR; %SMAPS:10113
  10726       UM; %UM: 1488
  10727       DL 0.3 ; %DL: 6559
  10728       SMAPS 3 MAPARR SPNRARR; %SMAPS:10113
  10729       UM; %UM: 1488
  10730       SBEND 1.94 0.07853981588 0 0.03926990817 0.03586152553 0.0392699
                  0817 0.03586152553 0.5 0.5 ; %SBEND:10385
  10731       SMAPS 4 MAPARR SPNRARR; %SMAPS:10113
  10732       UM; %UM: 1488
  10733       DL 0.3365 ; %DL: 6559
  10734       SMAPS 5 MAPARR SPNRARR; %SMAPS:10113
  10735       UM; %UM: 1488
  10736       DL 0.3 ; %DL: 6559
  10737       SMAPS 6 MAPARR SPNRARR; %SMAPS:10113
  10738       UM; %UM: 1488
  10739       DL 0.076 ; %DL: 6559
  10740       SMAPS 7 MAPARR SPNRARR; %SMAPS:10113
  10741       UM; %UM: 1488
  10742       QUAD 0.375 0 Q7W2 ; %QUAD:10321
  10743       SMAPS 8 MAPARR SPNRARR; %SMAPS:10113
  10744       UM; %UM: 1488
  10745       DL 5.1815 ; %DL: 6559
  10746       SMAPS 9 MAPARR SPNRARR; %SMAPS:10113
  10747       UM; %UM: 1488
  10748       DL 0.3 ; %DL: 6559
  10749       SMAPS 10 MAPARR SPNRARR; %SMAPS:10113
  10750       UM; %UM: 1488
  10751       DL 0.076 ; %DL: 6559
  10752       SMAPS 11 MAPARR SPNRARR; %SMAPS:10113
  10753       UM; %UM: 1488
  10754       QUAD 0.235 0 QD ; %QUAD:10321
  10755       SMAPS 12 MAPARR SPNRARR; %SMAPS:10113
  10756       UM; %UM: 1488
  10757       QUAD 0.235 0 QD ; %QUAD:10321
  10758       SMAPS 13 MAPARR SPNRARR; %SMAPS:10113
  10759       UM; %UM: 1488
  10760       DL 5.144 ; %DL: 6559
  10761       SMAPS 14 MAPARR SPNRARR; %SMAPS:10113
  10762       UM; %UM: 1488
  10763       DL 0.3 ; %DL: 6559
  10764       SMAPS 15 MAPARR SPNRARR; %SMAPS:10113
  10765       UM; %UM: 1488
  10766       DL 0.076 ; %DL: 6559
  10767       SMAPS 16 MAPARR SPNRARR; %SMAPS:10113
  10768       UM; %UM: 1488
  10769       QUAD 0.45 0 Q9W2 ; %QUAD:10321
  10770       SMAPS 17 MAPARR SPNRARR; %SMAPS:10113
  10771       UM; %UM: 1488
  10772       DL 0.675 ; %DL: 6559
  10773       SMAPS 18 MAPARR SPNRARR; %SMAPS:10113
  10774       UM; %UM: 1488
  10775       SBEND 1.94 0.07853981588 0 0.03926990817 0.03586152553 0.0392699
                  0817 0.03586152553 0.5 0.5 ; %SBEND:10385
  10776       SMAPS 19 MAPARR SPNRARR; %SMAPS:10113
  10777       UM; %UM: 1488
  10778       DL 0.3 ; %DL: 6559
  10779       SMAPS 20 MAPARR SPNRARR; %SMAPS:10113
  10780       UM; %UM: 1488
  10781       SBEND 1.94 0.07853981588 0 0.03926990817 0.03586152553 0.0392699
                  0817 0.03586152553 0.5 0.5 ; %SBEND:10385
  10782       SMAPS 21 MAPARR SPNRARR; %SMAPS:10113
  10783       UM; %UM: 1488
  10784       DL 0.289 ; %DL: 6559
  10785       SMAPS 22 MAPARR SPNRARR; %SMAPS:10113
  10786       UM; %UM: 1488
  10787       MH 0.3 SD 0.05; %MH: 7153
  10788       SMAPS 23 MAPARR SPNRARR; %SMAPS:10113
  10789       UM; %UM: 1488
  10790       DL 0.076 ; %DL: 6559
  10791       SMAPS 24 MAPARR SPNRARR; %SMAPS:10113
  10792       UM; %UM: 1488
  10793       QUAD 0.235 0 QD ; %QUAD:10321
  10794       SMAPS 25 MAPARR SPNRARR; %SMAPS:10113
  10795       UM; %UM: 1488
  10796       QUAD 0.235 0 QD ; %QUAD:10321
  10797       SMAPS 26 MAPARR SPNRARR; %SMAPS:10113
  10798       UM; %UM: 1488
  10799       DL 0.665 ; %DL: 6559
  10800       SMAPS 27 MAPARR SPNRARR; %SMAPS:10113
  10801       UM; %UM: 1488
  10802       SBEND 1.94 0.07853981588 0 0.03926990817 0.03586152553 0.0392699
                  0817 0.03586152553 0.5 0.5 ; %SBEND:10385
  10803       SMAPS 28 MAPARR SPNRARR; %SMAPS:10113
  10804       UM; %UM: 1488
  10805       DL 0.3 ; %DL: 6559
  10806       SMAPS 29 MAPARR SPNRARR; %SMAPS:10113
  10807       UM; %UM: 1488
  10808       SBEND 1.94 0.07853981588 0 0.03926990817 0.03586152553 0.0392699
                  0817 0.03586152553 0.5 0.5 ; %SBEND:10385
  10809       SMAPS 30 MAPARR SPNRARR; %SMAPS:10113
  10810       UM; %UM: 1488
  10811       DL 0.289 ; %DL: 6559
  10812       SMAPS 31 MAPARR SPNRARR; %SMAPS:10113
  10813       UM; %UM: 1488
  10814       MH 0.3 SF 0.05; %MH: 7153
  10815       SMAPS 32 MAPARR SPNRARR; %SMAPS:10113
  10816       UM; %UM: 1488
  10817       DL 0.076 ; %DL: 6559
  10818       SMAPS 33 MAPARR SPNRARR; %SMAPS:10113
  10819       UM; %UM: 1488
  10820       QUAD 0.235 0 QF1 ; %QUAD:10321
  10821       SMAPS 34 MAPARR SPNRARR; %SMAPS:10113
  10822       UM; %UM: 1488
  10823       QUAD 0.235 0 QF1 ; %QUAD:10321
  10824       SMAPS 35 MAPARR SPNRARR; %SMAPS:10113
  10825       UM; %UM: 1488
  10826       DL 0.665 ; %DL: 6559
  10827       SMAPS 36 MAPARR SPNRARR; %SMAPS:10113
  10828       UM; %UM: 1488
  10829       SBEND 1.94 0.07853981588 0 0.03926990817 0.03586152553 0.0392699
                  0817 0.03586152553 0.5 0.5 ; %SBEND:10385
  10830       SMAPS 37 MAPARR SPNRARR; %SMAPS:10113
  10831       UM; %UM: 1488
  10832       DL 0.3 ; %DL: 6559
  10833       SMAPS 38 MAPARR SPNRARR; %SMAPS:10113
  10834       UM; %UM: 1488
  10835       SBEND 1.94 0.07853981588 0 0.03926990817 0.03586152553 0.0392699
                  0817 0.03586152553 0.5 0.5 ; %SBEND:10385
  10836       SMAPS 39 MAPARR SPNRARR; %SMAPS:10113
  10837       UM; %UM: 1488
  10838       DL 0.289 ; %DL: 6559
  10839       SMAPS 40 MAPARR SPNRARR; %SMAPS:10113
  10840       UM; %UM: 1488
  10841       MH 0.3 SD 0.05; %MH: 7153
  10842       SMAPS 41 MAPARR SPNRARR; %SMAPS:10113
  10843       UM; %UM: 1488
  10844       DL 0.076 ; %DL: 6559
  10845       SMAPS 42 MAPARR SPNRARR; %SMAPS:10113
  10846       UM; %UM: 1488
  10847       QUAD 0.235 0 QD ; %QUAD:10321
  10848       SMAPS 43 MAPARR SPNRARR; %SMAPS:10113
  10849       UM; %UM: 1488
  10850       QUAD 0.235 0 QD ; %QUAD:10321
  10851       SMAPS 44 MAPARR SPNRARR; %SMAPS:10113
  10852       UM; %UM: 1488
  10853       DL 0.665 ; %DL: 6559
  10854       SMAPS 45 MAPARR SPNRARR; %SMAPS:10113
  10855       UM; %UM: 1488
  10856       SBEND 1.94 0.07853981588 0 0.03926990817 0.03586152553 0.0392699
                  0817 0.03586152553 0.5 0.5 ; %SBEND:10385
  10857       SMAPS 46 MAPARR SPNRARR; %SMAPS:10113
  10858       UM; %UM: 1488
  10859       DL 0.3 ; %DL: 6559
  10860       SMAPS 47 MAPARR SPNRARR; %SMAPS:10113
  10861       UM; %UM: 1488
  10862       SBEND 1.94 0.07853981588 0 0.03926990817 0.03586152553 0.0392699
                  0817 0.03586152553 0.5 0.5 ; %SBEND:10385
  10863       SMAPS 48 MAPARR SPNRARR; %SMAPS:10113
  10864       UM; %UM: 1488
  10865       DL 0.289 ; %DL: 6559
  10866       SMAPS 49 MAPARR SPNRARR; %SMAPS:10113
  10867       UM; %UM: 1488
  10868       MH 0.3 SF 0.05; %MH: 7153
  10869       SMAPS 50 MAPARR SPNRARR; %SMAPS:10113
  10870       UM; %UM: 1488
  10871       DL 0.076 ; %DL: 6559
  10872       SMAPS 51 MAPARR SPNRARR; %SMAPS:10113
  10873       UM; %UM: 1488
  10874       QUAD 0.235 0 QF1 ; %QUAD:10321
  10875       SMAPS 52 MAPARR SPNRARR; %SMAPS:10113
  10876       UM; %UM: 1488
  10877       QUAD 0.235 0 QF1 ; %QUAD:10321
  10878       SMAPS 53 MAPARR SPNRARR; %SMAPS:10113
  10879       UM; %UM: 1488
  10880       DL 0.665 ; %DL: 6559
  10881       SMAPS 54 MAPARR SPNRARR; %SMAPS:10113
  10882       UM; %UM: 1488
  10883       SBEND 1.94 0.07853981588 0 0.03926990817 0.03586152553 0.0392699
                  0817 0.03586152553 0.5 0.5 ; %SBEND:10385
  10884       SMAPS 55 MAPARR SPNRARR; %SMAPS:10113
  10885       UM; %UM: 1488
  10886       DL 0.3 ; %DL: 6559
  10887       SMAPS 56 MAPARR SPNRARR; %SMAPS:10113
  10888       UM; %UM: 1488
  10889       SBEND 1.94 0.07853981588 0 0.03926990817 0.03586152553 0.0392699
                  0817 0.03586152553 0.5 0.5 ; %SBEND:10385
  10890       SMAPS 57 MAPARR SPNRARR; %SMAPS:10113
  10891       UM; %UM: 1488
  10892       DL 0.289 ; %DL: 6559
  10893       SMAPS 58 MAPARR SPNRARR; %SMAPS:10113
  10894       UM; %UM: 1488
  10895       MH 0.3 SD 0.05; %MH: 7153
  10896       SMAPS 59 MAPARR SPNRARR; %SMAPS:10113
  10897       UM; %UM: 1488
  10898       DL 0.076 ; %DL: 6559
  10899       SMAPS 60 MAPARR SPNRARR; %SMAPS:10113
  10900       UM; %UM: 1488
  10901       QUAD 0.235 0 QD ; %QUAD:10321
  10902       SMAPS 61 MAPARR SPNRARR; %SMAPS:10113
  10903       UM; %UM: 1488
  10904       QUAD 0.235 0 QD ; %QUAD:10321
  10905       SMAPS 62 MAPARR SPNRARR; %SMAPS:10113
  10906       UM; %UM: 1488
  10907       DL 0.665 ; %DL: 6559
  10908       SMAPS 63 MAPARR SPNRARR; %SMAPS:10113
  10909       UM; %UM: 1488
  10910       SBEND 1.94 0.07853981588 0 0.03926990817 0.03586152553 0.0392699
                  0817 0.03586152553 0.5 0.5 ; %SBEND:10385
  10911       SMAPS 64 MAPARR SPNRARR; %SMAPS:10113
  10912       UM; %UM: 1488
  10913       DL 0.3 ; %DL: 6559
  10914       SMAPS 65 MAPARR SPNRARR; %SMAPS:10113
  10915       UM; %UM: 1488
  10916       SBEND 1.94 0.07853981588 0 0.03926990817 0.03586152553 0.0392699
                  0817 0.03586152553 0.5 0.5 ; %SBEND:10385
  10917       SMAPS 66 MAPARR SPNRARR; %SMAPS:10113
  10918       UM; %UM: 1488
  10919       DL 0.289 ; %DL: 6559
  10920       SMAPS 67 MAPARR SPNRARR; %SMAPS:10113
  10921       UM; %UM: 1488
  10922       MH 0.3 SF 0.05; %MH: 7153
  10923       SMAPS 68 MAPARR SPNRARR; %SMAPS:10113
  10924       UM; %UM: 1488
  10925       DL 0.076 ; %DL: 6559
  10926       SMAPS 69 MAPARR SPNRARR; %SMAPS:10113
  10927       UM; %UM: 1488
  10928       QUAD 0.235 0 QF1 ; %QUAD:10321
  10929       SMAPS 70 MAPARR SPNRARR; %SMAPS:10113
  10930       UM; %UM: 1488
  10931       QUAD 0.235 0 QF1 ; %QUAD:10321
  10932       SMAPS 71 MAPARR SPNRARR; %SMAPS:10113
  10933       UM; %UM: 1488
  10934       DL 0.665 ; %DL: 6559
  10935       SMAPS 72 MAPARR SPNRARR; %SMAPS:10113
  10936       UM; %UM: 1488
  10937       SBEND 1.94 0.07853981588 0 0.03926990817 0.03586152553 0.0392699
                  0817 0.03586152553 0.5 0.5 ; %SBEND:10385
  10938       SMAPS 73 MAPARR SPNRARR; %SMAPS:10113
  10939       UM; %UM: 1488
  10940       DL 0.3 ; %DL: 6559
  10941       SMAPS 74 MAPARR SPNRARR; %SMAPS:10113
  10942       UM; %UM: 1488
  10943       SBEND 1.94 0.07853981588 0 0.03926990817 0.03586152553 0.0392699
                  0817 0.03586152553 0.5 0.5 ; %SBEND:10385
  10944       SMAPS 75 MAPARR SPNRARR; %SMAPS:10113
  10945       UM; %UM: 1488
  10946       DL 0.289 ; %DL: 6559
  10947       SMAPS 76 MAPARR SPNRARR; %SMAPS:10113
  10948       UM; %UM: 1488
  10949       MH 0.3 SD 0.05; %MH: 7153
  10950       SMAPS 77 MAPARR SPNRARR; %SMAPS:10113
  10951       UM; %UM: 1488
  10952       DL 0.076 ; %DL: 6559
  10953       SMAPS 78 MAPARR SPNRARR; %SMAPS:10113
  10954       UM; %UM: 1488
  10955       QUAD 0.235 0 QD ; %QUAD:10321
  10956       SMAPS 79 MAPARR SPNRARR; %SMAPS:10113
  10957       UM; %UM: 1488
  10958       QUAD 0.235 0 QD ; %QUAD:10321
  10959       SMAPS 80 MAPARR SPNRARR; %SMAPS:10113
  10960       UM; %UM: 1488
  10961       DL 0.665 ; %DL: 6559
  10962       SMAPS 81 MAPARR SPNRARR; %SMAPS:10113
  10963       UM; %UM: 1488
  10964       SBEND 1.94 0.07853981588 0 0.03926990817 0.03586152553 0.0392699
                  0817 0.03586152553 0.5 0.5 ; %SBEND:10385
  10965       SMAPS 82 MAPARR SPNRARR; %SMAPS:10113
  10966       UM; %UM: 1488
  10967       DL 0.3 ; %DL: 6559
  10968       SMAPS 83 MAPARR SPNRARR; %SMAPS:10113
  10969       UM; %UM: 1488
  10970       SBEND 1.94 0.07853981588 0 0.03926990817 0.03586152553 0.0392699
                  0817 0.03586152553 0.5 0.5 ; %SBEND:10385
  10971       SMAPS 84 MAPARR SPNRARR; %SMAPS:10113
  10972       UM; %UM: 1488
  10973       DL 0.289 ; %DL: 6559
  10974       SMAPS 85 MAPARR SPNRARR; %SMAPS:10113
  10975       UM; %UM: 1488
  10976       MH 0.3 SF 0.05; %MH: 7153
  10977       SMAPS 86 MAPARR SPNRARR; %SMAPS:10113
  10978       UM; %UM: 1488
  10979       DL 0.076 ; %DL: 6559
  10980       SMAPS 87 MAPARR SPNRARR; %SMAPS:10113
  10981       UM; %UM: 1488
  10982       QUAD 0.235 0 QF1 ; %QUAD:10321
  10983       SMAPS 88 MAPARR SPNRARR; %SMAPS:10113
  10984       UM; %UM: 1488
  10985       QUAD 0.235 0 QF1 ; %QUAD:10321
  10986       SMAPS 89 MAPARR SPNRARR; %SMAPS:10113
  10987       UM; %UM: 1488
  10988       DL 0.665 ; %DL: 6559
  10989       SMAPS 90 MAPARR SPNRARR; %SMAPS:10113
  10990       UM; %UM: 1488
  10991       SBEND 1.94 0.07853981588 0 0.03926990817 0.03586152553 0.0392699
                  0817 0.03586152553 0.5 0.5 ; %SBEND:10385
  10992       SMAPS 91 MAPARR SPNRARR; %SMAPS:10113
  10993       UM; %UM: 1488
  10994       DL 0.3 ; %DL: 6559
  10995       SMAPS 92 MAPARR SPNRARR; %SMAPS:10113
  10996       UM; %UM: 1488
  10997       SBEND 1.94 0.07853981588 0 0.03926990817 0.03586152553 0.0392699
                  0817 0.03586152553 0.5 0.5 ; %SBEND:10385
  10998       SMAPS 93 MAPARR SPNRARR; %SMAPS:10113
  10999       UM; %UM: 1488
  11000       DL 0.289 ; %DL: 6559
  11001       SMAPS 94 MAPARR SPNRARR; %SMAPS:10113
  11002       UM; %UM: 1488
  11003       MH 0.3 SD 0.05; %MH: 7153
  11004       SMAPS 95 MAPARR SPNRARR; %SMAPS:10113
  11005       UM; %UM: 1488
  11006       DL 0.076 ; %DL: 6559
  11007       SMAPS 96 MAPARR SPNRARR; %SMAPS:10113
  11008       UM; %UM: 1488
  11009       QUAD 0.235 0 QD ; %QUAD:10321
  11010       SMAPS 97 MAPARR SPNRARR; %SMAPS:10113
  11011       UM; %UM: 1488
  11012       QUAD 0.235 0 QD ; %QUAD:10321
  11013       SMAPS 98 MAPARR SPNRARR; %SMAPS:10113
  11014       UM; %UM: 1488
  11015       DL 0.665 ; %DL: 6559
  11016       SMAPS 99 MAPARR SPNRARR; %SMAPS:10113
  11017       UM; %UM: 1488
  11018       SBEND 1.94 0.07853981588 0 0.03926990817 0.03586152553 0.0392699
                  0817 0.03586152553 0.5 0.5 ; %SBEND:10385
  11019       SMAPS 100 MAPARR SPNRARR; %SMAPS:10113
  11020       UM; %UM: 1488
  11021       DL 0.3 ; %DL: 6559
  11022       SMAPS 101 MAPARR SPNRARR; %SMAPS:10113
  11023       UM; %UM: 1488
  11024       SBEND 1.94 0.07853981588 0 0.03926990817 0.03586152553 0.0392699
                  0817 0.03586152553 0.5 0.5 ; %SBEND:10385
  11025       SMAPS 102 MAPARR SPNRARR; %SMAPS:10113
  11026       UM; %UM: 1488
  11027       DL 0.289 ; %DL: 6559
  11028       SMAPS 103 MAPARR SPNRARR; %SMAPS:10113
  11029       UM; %UM: 1488
  11030       MH 0.3 SF 0.05; %MH: 7153
  11031       SMAPS 104 MAPARR SPNRARR; %SMAPS:10113
  11032       UM; %UM: 1488
  11033       DL 0.076 ; %DL: 6559
  11034       SMAPS 105 MAPARR SPNRARR; %SMAPS:10113
  11035       UM; %UM: 1488
  11036       QUAD 0.235 0 QF1 ; %QUAD:10321
  11037       SMAPS 106 MAPARR SPNRARR; %SMAPS:10113
  11038       UM; %UM: 1488
  11039       QUAD 0.235 0 QF1 ; %QUAD:10321
  11040       SMAPS 107 MAPARR SPNRARR; %SMAPS:10113
  11041       UM; %UM: 1488
  11042       DL 0.665 ; %DL: 6559
  11043       SMAPS 108 MAPARR SPNRARR; %SMAPS:10113
  11044       UM; %UM: 1488
  11045       SBEND 1.94 0.07853981588 0 0.03926990817 0.03586152553 0.0392699
                  0817 0.03586152553 0.5 0.5 ; %SBEND:10385
  11046       SMAPS 109 MAPARR SPNRARR; %SMAPS:10113
  11047       UM; %UM: 1488
  11048       DL 0.3 ; %DL: 6559
  11049       SMAPS 110 MAPARR SPNRARR; %SMAPS:10113
  11050       UM; %UM: 1488
  11051       SBEND 1.94 0.07853981588 0 0.03926990817 0.03586152553 0.0392699
                  0817 0.03586152553 0.5 0.5 ; %SBEND:10385
  11052       SMAPS 111 MAPARR SPNRARR; %SMAPS:10113
  11053       UM; %UM: 1488
  11054       DL 0.289 ; %DL: 6559
  11055       SMAPS 112 MAPARR SPNRARR; %SMAPS:10113
  11056       UM; %UM: 1488
  11057       MH 0.3 SD 0.05; %MH: 7153
  11058       SMAPS 113 MAPARR SPNRARR; %SMAPS:10113
  11059       UM; %UM: 1488
  11060       DL 0.076 ; %DL: 6559
  11061       SMAPS 114 MAPARR SPNRARR; %SMAPS:10113
  11062       UM; %UM: 1488
  11063       QUAD 0.235 0 QD ; %QUAD:10321
  11064       SMAPS 115 MAPARR SPNRARR; %SMAPS:10113
  11065       UM; %UM: 1488
  11066       QUAD 0.235 0 QD ; %QUAD:10321
  11067       SMAPS 116 MAPARR SPNRARR; %SMAPS:10113
  11068       UM; %UM: 1488
  11069       DL 0.665 ; %DL: 6559
  11070       SMAPS 117 MAPARR SPNRARR; %SMAPS:10113
  11071       UM; %UM: 1488
  11072       SBEND 1.94 0.07853981588 0 0.03926990817 0.03586152553 0.0392699
                  0817 0.03586152553 0.5 0.5 ; %SBEND:10385
  11073       SMAPS 118 MAPARR SPNRARR; %SMAPS:10113
  11074       UM; %UM: 1488
  11075       DL 0.3 ; %DL: 6559
  11076       SMAPS 119 MAPARR SPNRARR; %SMAPS:10113
  11077       UM; %UM: 1488
  11078       SBEND 1.94 0.07853981588 0 0.03926990817 0.03586152553 0.0392699
                  0817 0.03586152553 0.5 0.5 ; %SBEND:10385
  11079       SMAPS 120 MAPARR SPNRARR; %SMAPS:10113
  11080       UM; %UM: 1488
  11081       DL 0.289 ; %DL: 6559
  11082       SMAPS 121 MAPARR SPNRARR; %SMAPS:10113
  11083       UM; %UM: 1488
  11084       MH 0.3 SF 0.05; %MH: 7153
  11085       SMAPS 122 MAPARR SPNRARR; %SMAPS:10113
  11086       UM; %UM: 1488
  11087       DL 0.076 ; %DL: 6559
  11088       SMAPS 123 MAPARR SPNRARR; %SMAPS:10113
  11089       UM; %UM: 1488
  11090       QUAD 0.235 0 QF1 ; %QUAD:10321
  11091       SMAPS 124 MAPARR SPNRARR; %SMAPS:10113
  11092       UM; %UM: 1488
  11093       QUAD 0.235 0 QF1 ; %QUAD:10321
  11094       SMAPS 125 MAPARR SPNRARR; %SMAPS:10113
  11095       UM; %UM: 1488
  11096       DL 0.665 ; %DL: 6559
  11097       SMAPS 126 MAPARR SPNRARR; %SMAPS:10113
  11098       UM; %UM: 1488
  11099       SBEND 1.94 0.07853981588 0 0.03926990817 0.03586152553 0.0392699
                  0817 0.03586152553 0.5 0.5 ; %SBEND:10385
  11100       SMAPS 127 MAPARR SPNRARR; %SMAPS:10113
  11101       UM; %UM: 1488
  11102       DL 0.3 ; %DL: 6559
  11103       SMAPS 128 MAPARR SPNRARR; %SMAPS:10113
  11104       UM; %UM: 1488
  11105       SBEND 1.94 0.07853981588 0 0.03926990817 0.03586152553 0.0392699
                  0817 0.03586152553 0.5 0.5 ; %SBEND:10385
  11106       SMAPS 129 MAPARR SPNRARR; %SMAPS:10113
  11107       UM; %UM: 1488
  11108       DL 0.289 ; %DL: 6559
  11109       SMAPS 130 MAPARR SPNRARR; %SMAPS:10113
  11110       UM; %UM: 1488
  11111       MH 0.3 SD 0.05; %MH: 7153
  11112       SMAPS 131 MAPARR SPNRARR; %SMAPS:10113
  11113       UM; %UM: 1488
  11114       DL 0.076 ; %DL: 6559
  11115       SMAPS 132 MAPARR SPNRARR; %SMAPS:10113
  11116       UM; %UM: 1488
  11117       QUAD 0.235 0 QD ; %QUAD:10321
  11118       SMAPS 133 MAPARR SPNRARR; %SMAPS:10113
  11119       UM; %UM: 1488
  11120       QUAD 0.235 0 QD ; %QUAD:10321
  11121       SMAPS 134 MAPARR SPNRARR; %SMAPS:10113
  11122       UM; %UM: 1488
  11123       DL 0.665 ; %DL: 6559
  11124       SMAPS 135 MAPARR SPNRARR; %SMAPS:10113
  11125       UM; %UM: 1488
  11126       SBEND 1.94 0.07853981588 0 0.03926990817 0.03586152553 0.0392699
                  0817 0.03586152553 0.5 0.5 ; %SBEND:10385
  11127       SMAPS 136 MAPARR SPNRARR; %SMAPS:10113
  11128       UM; %UM: 1488
  11129       DL 0.3 ; %DL: 6559
  11130       SMAPS 137 MAPARR SPNRARR; %SMAPS:10113
  11131       UM; %UM: 1488
  11132       SBEND 1.94 0.07853981588 0 0.03926990817 0.03586152553 0.0392699
                  0817 0.03586152553 0.5 0.5 ; %SBEND:10385
  11133       SMAPS 138 MAPARR SPNRARR; %SMAPS:10113
  11134       UM; %UM: 1488
  11135       DL 0.289 ; %DL: 6559
  11136       SMAPS 139 MAPARR SPNRARR; %SMAPS:10113
  11137       UM; %UM: 1488
  11138       MH 0.3 SF 0.05; %MH: 7153
  11139       SMAPS 140 MAPARR SPNRARR; %SMAPS:10113
  11140       UM; %UM: 1488
  11141       DL 0.076 ; %DL: 6559
  11142       SMAPS 141 MAPARR SPNRARR; %SMAPS:10113
  11143       UM; %UM: 1488
  11144       QUAD 0.235 0 QF1 ; %QUAD:10321
  11145       SMAPS 142 MAPARR SPNRARR; %SMAPS:10113
  11146       UM; %UM: 1488
  11147       QUAD 0.235 0 QF1 ; %QUAD:10321
  11148       SMAPS 143 MAPARR SPNRARR; %SMAPS:10113
  11149       UM; %UM: 1488
  11150       DL 0.665 ; %DL: 6559
  11151       SMAPS 144 MAPARR SPNRARR; %SMAPS:10113
  11152       UM; %UM: 1488
  11153       SBEND 1.94 0.07853981588 0 0.03926990817 0.03586152553 0.0392699
                  0817 0.03586152553 0.5 0.5 ; %SBEND:10385
  11154       SMAPS 145 MAPARR SPNRARR; %SMAPS:10113
  11155       UM; %UM: 1488
  11156       DL 0.3 ; %DL: 6559
  11157       SMAPS 146 MAPARR SPNRARR; %SMAPS:10113
  11158       UM; %UM: 1488
  11159       SBEND 1.94 0.07853981588 0 0.03926990817 0.03586152553 0.0392699
                  0817 0.03586152553 0.5 0.5 ; %SBEND:10385
  11160       SMAPS 147 MAPARR SPNRARR; %SMAPS:10113
  11161       UM; %UM: 1488
  11162       DL 0.289 ; %DL: 6559
  11163       SMAPS 148 MAPARR SPNRARR; %SMAPS:10113
  11164       UM; %UM: 1488
  11165       MH 0.3 SD 0.05; %MH: 7153
  11166       SMAPS 149 MAPARR SPNRARR; %SMAPS:10113
  11167       UM; %UM: 1488
  11168       DL 0.076 ; %DL: 6559
  11169       SMAPS 150 MAPARR SPNRARR; %SMAPS:10113
  11170       UM; %UM: 1488
  11171       QUAD 0.235 0 QD ; %QUAD:10321
  11172       SMAPS 151 MAPARR SPNRARR; %SMAPS:10113
  11173       UM; %UM: 1488
  11174       QUAD 0.235 0 QD ; %QUAD:10321
  11175       SMAPS 152 MAPARR SPNRARR; %SMAPS:10113
  11176       UM; %UM: 1488
  11177       DL 0.665 ; %DL: 6559
  11178       SMAPS 153 MAPARR SPNRARR; %SMAPS:10113
  11179       UM; %UM: 1488
  11180       SBEND 1.94 0.07853981588 0 0.03926990817 0.03586152553 0.0392699
                  0817 0.03586152553 0.5 0.5 ; %SBEND:10385
  11181       SMAPS 154 MAPARR SPNRARR; %SMAPS:10113
  11182       UM; %UM: 1488
  11183       DL 0.3 ; %DL: 6559
  11184       SMAPS 155 MAPARR SPNRARR; %SMAPS:10113
  11185       UM; %UM: 1488
  11186       SBEND 1.94 0.07853981588 0 0.03926990817 0.03586152553 0.0392699
                  0817 0.03586152553 0.5 0.5 ; %SBEND:10385
  11187       SMAPS 156 MAPARR SPNRARR; %SMAPS:10113
  11188       UM; %UM: 1488
  11189       DL 0.289 ; %DL: 6559
  11190       SMAPS 157 MAPARR SPNRARR; %SMAPS:10113
  11191       UM; %UM: 1488
  11192       MH 0.3 SF 0.05; %MH: 7153
  11193       SMAPS 158 MAPARR SPNRARR; %SMAPS:10113
  11194       UM; %UM: 1488
  11195       DL 0.076 ; %DL: 6559
  11196       SMAPS 159 MAPARR SPNRARR; %SMAPS:10113
  11197       UM; %UM: 1488
  11198       QUAD 0.235 0 QF1 ; %QUAD:10321
  11199       SMAPS 160 MAPARR SPNRARR; %SMAPS:10113
  11200       UM; %UM: 1488
  11201       QUAD 0.235 0 QF1 ; %QUAD:10321
  11202       SMAPS 161 MAPARR SPNRARR; %SMAPS:10113
  11203       UM; %UM: 1488
  11204       DL 0.665 ; %DL: 6559
  11205       SMAPS 162 MAPARR SPNRARR; %SMAPS:10113
  11206       UM; %UM: 1488
  11207       SBEND 1.94 0.07853981588 0 0.03926990817 0.03586152553 0.0392699
                  0817 0.03586152553 0.5 0.5 ; %SBEND:10385
  11208       SMAPS 163 MAPARR SPNRARR; %SMAPS:10113
  11209       UM; %UM: 1488
  11210       DL 0.3 ; %DL: 6559
  11211       SMAPS 164 MAPARR SPNRARR; %SMAPS:10113
  11212       UM; %UM: 1488
  11213       SBEND 1.94 0.07853981588 0 0.03926990817 0.03586152553 0.0392699
                  0817 0.03586152553 0.5 0.5 ; %SBEND:10385
  11214       SMAPS 165 MAPARR SPNRARR; %SMAPS:10113
  11215       UM; %UM: 1488
  11216       DL 0.289 ; %DL: 6559
  11217       SMAPS 166 MAPARR SPNRARR; %SMAPS:10113
  11218       UM; %UM: 1488
  11219       DL 0.3 ; %DL: 6559
  11220       SMAPS 167 MAPARR SPNRARR; %SMAPS:10113
  11221       UM; %UM: 1488
  11222       DL 0.076 ; %DL: 6559
  11223       SMAPS 168 MAPARR SPNRARR; %SMAPS:10113
  11224       UM; %UM: 1488
  11225       QUAD 0.235 0 QD ; %QUAD:10321
  11226       SMAPS 169 MAPARR SPNRARR; %SMAPS:10113
  11227       UM; %UM: 1488
  11228       QUAD 0.235 0 QD ; %QUAD:10321
  11229       SMAPS 170 MAPARR SPNRARR; %SMAPS:10113
  11230       UM; %UM: 1488
  11231       DL 0.665 ; %DL: 6559
  11232       SMAPS 171 MAPARR SPNRARR; %SMAPS:10113
  11233       UM; %UM: 1488
  11234       SBEND 1.94 0.07853981588 0 0.03926990817 0.03586152553 0.0392699
                  0817 0.03586152553 0.5 0.5 ; %SBEND:10385
  11235       SMAPS 172 MAPARR SPNRARR; %SMAPS:10113
  11236       UM; %UM: 1488
  11237       DL 0.3 ; %DL: 6559
  11238       SMAPS 173 MAPARR SPNRARR; %SMAPS:10113
  11239       UM; %UM: 1488
  11240       SBEND 1.94 0.07853981588 0 0.03926990817 0.03586152553 0.0392699
                  0817 0.03586152553 0.5 0.5 ; %SBEND:10385
  11241       SMAPS 174 MAPARR SPNRARR; %SMAPS:10113
  11242       UM; %UM: 1488
  11243       DL 0.299 ; %DL: 6559
  11244       SMAPS 175 MAPARR SPNRARR; %SMAPS:10113
  11245       UM; %UM: 1488
  11246       DL 0.3 ; %DL: 6559
  11247       SMAPS 176 MAPARR SPNRARR; %SMAPS:10113
  11248       UM; %UM: 1488
  11249       DL 0.076 ; %DL: 6559
  11250       SMAPS 177 MAPARR SPNRARR; %SMAPS:10113
  11251       UM; %UM: 1488
  11252       QUAD 0.45 0 Q9W2 ; %QUAD:10321
  11253       SMAPS 178 MAPARR SPNRARR; %SMAPS:10113
  11254       UM; %UM: 1488
  11255       DL 5.144 ; %DL: 6559
  11256       SMAPS 179 MAPARR SPNRARR; %SMAPS:10113
  11257       UM; %UM: 1488
  11258       DL 0.3 ; %DL: 6559
  11259       SMAPS 180 MAPARR SPNRARR; %SMAPS:10113
  11260       UM; %UM: 1488
  11261       DL 0.076 ; %DL: 6559
  11262       SMAPS 181 MAPARR SPNRARR; %SMAPS:10113
  11263       UM; %UM: 1488
  11264       QUAD 0.235 0 QD ; %QUAD:10321
  11265       SMAPS 182 MAPARR SPNRARR; %SMAPS:10113
  11266       UM; %UM: 1488
  11267       QUAD 0.235 0 QD ; %QUAD:10321
  11268       SMAPS 183 MAPARR SPNRARR; %SMAPS:10113
  11269       UM; %UM: 1488
  11270       DL 5.1815 ; %DL: 6559
  11271       SMAPS 184 MAPARR SPNRARR; %SMAPS:10113
  11272       UM; %UM: 1488
  11273       DL 0.3 ; %DL: 6559
  11274       SMAPS 185 MAPARR SPNRARR; %SMAPS:10113
  11275       UM; %UM: 1488
  11276       DL 0.076 ; %DL: 6559
  11277       SMAPS 186 MAPARR SPNRARR; %SMAPS:10113
  11278       UM; %UM: 1488
  11279       QUAD 0.375 0 Q7W2 ; %QUAD:10321
  11280       SMAPS 187 MAPARR SPNRARR; %SMAPS:10113
  11281       UM; %UM: 1488
  11282       DL 0.7125 ; %DL: 6559
  11283       SMAPS 188 MAPARR SPNRARR; %SMAPS:10113
  11284       UM; %UM: 1488
  11285       SBEND 1.94 0.07853981588 0 0.03926990817 0.03586152553 0.0392699
                  0817 0.03586152553 0.5 0.5 ; %SBEND:10385
  11286       SMAPS 189 MAPARR SPNRARR; %SMAPS:10113
  11287       UM; %UM: 1488
  11288       DL 0.3 ; %DL: 6559
  11289       SMAPS 190 MAPARR SPNRARR; %SMAPS:10113
  11290       UM; %UM: 1488
  11291       SBEND 1.94 0.07853981588 0 0.03926990817 0.03586152553 0.0392699
                  0817 0.03586152553 0.5 0.5 ; %SBEND:10385
  11292       SMAPS 191 MAPARR SPNRARR; %SMAPS:10113
  11293       UM; %UM: 1488
  11294       DL 0.215 ; %DL: 6559
  11295       SMAPS 192 MAPARR SPNRARR; %SMAPS:10113
  11296       UM; %UM: 1488
  11297       DL 0.085 ; %DL: 6559
  11298       SMAPS 193 MAPARR SPNRARR; %SMAPS:10113
  11299       UM; %UM: 1488
  11300       QUAD 0.785 0 Q6W2 ; %QUAD:10321
  11301       SMAPS 194 MAPARR SPNRARR; %SMAPS:10113
  11302       UM; %UM: 1488
  11303       DL 0.11787 ; %DL: 6559
  11304       SMAPS 195 MAPARR SPNRARR; %SMAPS:10113
  11305       UM; %UM: 1488
  11306       DL 0.3 ; %DL: 6559
  11307       SMAPS 196 MAPARR SPNRARR; %SMAPS:10113
  11308       UM; %UM: 1488
  11309       DL 0.1 ; %DL: 6559
  11310       SMAPS 197 MAPARR SPNRARR; %SMAPS:10113
  11311       UM; %UM: 1488
  11312       QUAD 0.69 0 Q5W2 ; %QUAD:10321
  11313       SMAPS 198 MAPARR SPNRARR; %SMAPS:10113
  11314       UM; %UM: 1488
  11315       DL 3.415; %DL: 6559
  11316       SMAPS 199 MAPARR SPNRARR; %SMAPS:10113
  11317       UM; %UM: 1488
  11318       DL 6 ; %DL: 6559
  11319       SMAPS 200 MAPARR SPNRARR; %SMAPS:10113
  11320       UM; %UM: 1488
  11321       DL 3.5 ; %DL: 6559
  11322       SMAPS 201 MAPARR SPNRARR; %SMAPS:10113
  11323       UM; %UM: 1488
  11324       QUAD 0.67 0 Q4W2 ; %QUAD:10321
  11325       SMAPS 202 MAPARR SPNRARR; %SMAPS:10113
  11326       UM; %UM: 1488
  11327       DL 0.1 ; %DL: 6559
  11328       SMAPS 203 MAPARR SPNRARR; %SMAPS:10113
  11329       UM; %UM: 1488
  11330       DL 0.3; %DL: 6559
  11331       SMAPS 204 MAPARR SPNRARR; %SMAPS:10113
  11332       UM; %UM: 1488
  11333       DL 0.1 ; %DL: 6559
  11334       SMAPS 205 MAPARR SPNRARR; %SMAPS:10113
  11335       UM; %UM: 1488
  11336       QUAD 0.56 0 Q3W2; %QUAD:10321
  11337       SMAPS 206 MAPARR SPNRARR; %SMAPS:10113
  11338       UM; %UM: 1488
  11339       DL 0.415 ; %DL: 6559
  11340       SMAPS 207 MAPARR SPNRARR; %SMAPS:10113
  11341       UM; %UM: 1488
  11342       QUAD 0.59 0 Q2W2; %QUAD:10321
  11343       SMAPS 208 MAPARR SPNRARR; %SMAPS:10113
  11344       UM; %UM: 1488
  11345       DL 0.1 ; %DL: 6559
  11346       SMAPS 209 MAPARR SPNRARR; %SMAPS:10113
  11347       UM; %UM: 1488
  11348       DL 0.3; %DL: 6559
  11349       SMAPS 210 MAPARR SPNRARR; %SMAPS:10113
  11350       UM; %UM: 1488
  11351       DL 0.1 ; %DL: 6559
  11352       SMAPS 211 MAPARR SPNRARR; %SMAPS:10113
  11353       UM; %UM: 1488
  11354       QUAD 0.545 0 Q1W2; %QUAD:10321
  11355       SMAPS 212 MAPARR SPNRARR; %SMAPS:10113
  11356       UM; %UM: 1488
  11357       DL 8.1 ; %DL: 6559
  11358       SMAPS 213 MAPARR SPNRARR; %SMAPS:10113
  11359       UM; %UM: 1488
  11360       DL 1.54 ; %DL: 6559
  11361       SMAPS 214 MAPARR SPNRARR; %SMAPS:10113
  11362       UM; %UM: 1488
  11363       DL 0.3 ; %DL: 6559
  11364       SMAPS 215 MAPARR SPNRARR; %SMAPS:10113
  11365       UM; %UM: 1488
  11366       DL 0.1 ; %DL: 6559
  11367       SMAPS 216 MAPARR SPNRARR; %SMAPS:10113
  11368       UM; %UM: 1488
  11369       DL 10.0545 ; %DL: 6559
  11370       SMAPS 217 MAPARR SPNRARR; %SMAPS:10113
  11371       UM; %UM: 1488
  11372       DL 0.1846151933; %DL: 6559
  11373       SMAPS 218 MAPARR SPNRARR; %SMAPS:10113
  11374       UM; %UM: 1488
  11375       DL 0.3; %DL: 6559
  11376       SMAPS 219 MAPARR SPNRARR; %SMAPS:10113
  11377       UM; %UM: 1488
  11378       DL 0.1 ; %DL: 6559
  11379       SMAPS 220 MAPARR SPNRARR; %SMAPS:10113
  11380       UM; %UM: 1488
  11381       SBEND 1.38 0.04100340928 1.570796327 0 0 0 0 0 0 ; %SBEND:10385
  11382       SMAPS 221 MAPARR SPNRARR; %SMAPS:10113
  11383       UM; %UM: 1488
  11384       DL 2.52301481 ; %DL: 6559
  11385       SMAPS 222 MAPARR SPNRARR; %SMAPS:10113
  11386       UM; %UM: 1488
  11387       SBEND 1.38 -0.04100340928 1.570796327 0 0 0 0 0 0 ; %SBEND:10385

  11388       SMAPS 223 MAPARR SPNRARR; %SMAPS:10113
  11389       UM; %UM: 1488
  11390       DL 0.2 ; %DL: 6559
  11391       SMAPS 224 MAPARR SPNRARR; %SMAPS:10113
  11392       UM; %UM: 1488
  11393       DL 0.3 ; %DL: 6559
  11394       SMAPS 225 MAPARR SPNRARR; %SMAPS:10113
  11395       UM; %UM: 1488
  11396       DL 0.1 ; %DL: 6559
  11397       SMAPS 226 MAPARR SPNRARR; %SMAPS:10113
  11398       UM; %UM: 1488
  11399       QUAD 0.68 0 QFF3W ; %QUAD:10321
  11400       SMAPS 227 MAPARR SPNRARR; %SMAPS:10113
  11401       UM; %UM: 1488
  11402       DL 0.7375 ; %DL: 6559
  11403       SMAPS 228 MAPARR SPNRARR; %SMAPS:10113
  11404       UM; %UM: 1488
  11405       QUAD 1.415 0 QFF2W ; %QUAD:10321
  11406       SMAPS 229 MAPARR SPNRARR; %SMAPS:10113
  11407       UM; %UM: 1488
  11408       DL 0.3225 ; %DL: 6559
  11409       SMAPS 230 MAPARR SPNRARR; %SMAPS:10113
  11410       UM; %UM: 1488
  11411       QUAD 0.945 0 QFF1W ; %QUAD:10321
  11412       SMAPS 231 MAPARR SPNRARR; %SMAPS:10113
  11413       UM; %UM: 1488
  11414       DL 5.25 ; %DL: 6559
  11415       SMAPS 232 MAPARR SPNRARR; %SMAPS:10113
  11416       UM; %UM: 1488
  11417       DL 5.25 ; %DL: 6559
  11418       SMAPS 233 MAPARR SPNRARR; %SMAPS:10113
  11419       UM; %UM: 1488
  11420       QUAD 0.945 0 QFF1W ; %QUAD:10321
  11421       SMAPS 234 MAPARR SPNRARR; %SMAPS:10113
  11422       UM; %UM: 1488
  11423       DL 0.3225 ; %DL: 6559
  11424       SMAPS 235 MAPARR SPNRARR; %SMAPS:10113
  11425       UM; %UM: 1488
  11426       QUAD 1.415 0 QFF2W ; %QUAD:10321
  11427       SMAPS 236 MAPARR SPNRARR; %SMAPS:10113
  11428       UM; %UM: 1488
  11429       DL 0.7375 ; %DL: 6559
  11430       SMAPS 237 MAPARR SPNRARR; %SMAPS:10113
  11431       UM; %UM: 1488
  11432       QUAD 0.68 0 QFF3W ; %QUAD:10321
  11433       SMAPS 238 MAPARR SPNRARR; %SMAPS:10113
  11434       UM; %UM: 1488
  11435       DL 0.1 ; %DL: 6559
  11436       SMAPS 239 MAPARR SPNRARR; %SMAPS:10113
  11437       UM; %UM: 1488
  11438       DL 0.3 ; %DL: 6559
  11439       SMAPS 240 MAPARR SPNRARR; %SMAPS:10113
  11440       UM; %UM: 1488
  11441       DL 0.2 ; %DL: 6559
  11442       SMAPS 241 MAPARR SPNRARR; %SMAPS:10113
  11443       UM; %UM: 1488
  11444       SBEND 1.38 -0.04100340928 1.570796327 0 0 0 0 0 0 ; %SBEND:10385

  11445       SMAPS 242 MAPARR SPNRARR; %SMAPS:10113
  11446       UM; %UM: 1488
  11447       DL 2.52301481 ; %DL: 6559
  11448       SMAPS 243 MAPARR SPNRARR; %SMAPS:10113
  11449       UM; %UM: 1488
  11450       SBEND 1.38 0.04100340928 1.570796327 0 0 0 0 0 0 ; %SBEND:10385
  11451       SMAPS 244 MAPARR SPNRARR; %SMAPS:10113
  11452       UM; %UM: 1488
  11453       DL 0.1 ; %DL: 6559
  11454       SMAPS 245 MAPARR SPNRARR; %SMAPS:10113
  11455       UM; %UM: 1488
  11456       DL 0.3 ; %DL: 6559
  11457       SMAPS 246 MAPARR SPNRARR; %SMAPS:10113
  11458       UM; %UM: 1488
  11459       DL 0.1846151933; %DL: 6559
  11460       SMAPS 247 MAPARR SPNRARR; %SMAPS:10113
  11461       UM; %UM: 1488
  11462       DL 10.0545 ; %DL: 6559
  11463       SMAPS 248 MAPARR SPNRARR; %SMAPS:10113
  11464       UM; %UM: 1488
  11465       DL 0.1 ; %DL: 6559
  11466       SMAPS 249 MAPARR SPNRARR; %SMAPS:10113
  11467       UM; %UM: 1488
  11468       DL 0.3 ; %DL: 6559
  11469       SMAPS 250 MAPARR SPNRARR; %SMAPS:10113
  11470       UM; %UM: 1488
  11471       DL 1.54 ; %DL: 6559
  11472       SMAPS 251 MAPARR SPNRARR; %SMAPS:10113
  11473       UM; %UM: 1488
  11474       DL 8.1 ; %DL: 6559
  11475       SMAPS 252 MAPARR SPNRARR; %SMAPS:10113
  11476       UM; %UM: 1488
  11477       QUAD 0.545 0 Q1W2; %QUAD:10321
  11478       SMAPS 253 MAPARR SPNRARR; %SMAPS:10113
  11479       UM; %UM: 1488
  11480       DL 0.1 ; %DL: 6559
  11481       SMAPS 254 MAPARR SPNRARR; %SMAPS:10113
  11482       UM; %UM: 1488
  11483       DL 0.3; %DL: 6559
  11484       SMAPS 255 MAPARR SPNRARR; %SMAPS:10113
  11485       UM; %UM: 1488
  11486       DL 0.1 ; %DL: 6559
  11487       SMAPS 256 MAPARR SPNRARR; %SMAPS:10113
  11488       UM; %UM: 1488
  11489       QUAD 0.59 0 Q2W2; %QUAD:10321
  11490       SMAPS 257 MAPARR SPNRARR; %SMAPS:10113
  11491       UM; %UM: 1488
  11492       DL 0.415 ; %DL: 6559
  11493       SMAPS 258 MAPARR SPNRARR; %SMAPS:10113
  11494       UM; %UM: 1488
  11495       QUAD 0.56 0 Q3W2; %QUAD:10321
  11496       SMAPS 259 MAPARR SPNRARR; %SMAPS:10113
  11497       UM; %UM: 1488
  11498       DL 0.1 ; %DL: 6559
  11499       SMAPS 260 MAPARR SPNRARR; %SMAPS:10113
  11500       UM; %UM: 1488
  11501       DL 0.3; %DL: 6559
  11502       SMAPS 261 MAPARR SPNRARR; %SMAPS:10113
  11503       UM; %UM: 1488
  11504       DL 0.1 ; %DL: 6559
  11505       SMAPS 262 MAPARR SPNRARR; %SMAPS:10113
  11506       UM; %UM: 1488
  11507       QUAD 0.67 0 Q4W2 ; %QUAD:10321
  11508       SMAPS 263 MAPARR SPNRARR; %SMAPS:10113
  11509       UM; %UM: 1488
  11510       DL 3.5 ; %DL: 6559
  11511       SMAPS 264 MAPARR SPNRARR; %SMAPS:10113
  11512       UM; %UM: 1488
  11513       DL 6 ; %DL: 6559
  11514       SMAPS 265 MAPARR SPNRARR; %SMAPS:10113
  11515       UM; %UM: 1488
  11516       DL 3.415; %DL: 6559
  11517       SMAPS 266 MAPARR SPNRARR; %SMAPS:10113
  11518       UM; %UM: 1488
  11519       QUAD 0.69 0 Q5W2 ; %QUAD:10321
  11520       SMAPS 267 MAPARR SPNRARR; %SMAPS:10113
  11521       UM; %UM: 1488
  11522       DL 0.1 ; %DL: 6559
  11523       SMAPS 268 MAPARR SPNRARR; %SMAPS:10113
  11524       UM; %UM: 1488
  11525       DL 0.3 ; %DL: 6559
  11526       SMAPS 269 MAPARR SPNRARR; %SMAPS:10113
  11527       UM; %UM: 1488
  11528       DL 0.11787 ; %DL: 6559
  11529       SMAPS 270 MAPARR SPNRARR; %SMAPS:10113
  11530       UM; %UM: 1488
  11531       QUAD 0.785 0 Q6W2 ; %QUAD:10321
  11532       SMAPS 271 MAPARR SPNRARR; %SMAPS:10113
  11533       UM; %UM: 1488
  11534       DL 0.085 ; %DL: 6559
  11535       SMAPS 272 MAPARR SPNRARR; %SMAPS:10113
  11536       ENDLOOP;
  11537     ENDPROCEDURE;
 --- BIN FILE WRITTEN: NICA_Gold_maps
  11538   SAVE 'NICA_Gold_maps';
