 --- BIN FILE READ: header
  10662 INCLUDE 'header';
  10663   PROCEDURE LATTICE SEXTGX1 SEXTGY1 RFFLAG DELTAQ;
  10664     VARIABLE VRF 1 1 1;
  10665     VARIABLE FREQ 1;
  10666     VARIABLE HNUM 1;
  10667     VARIABLE I 1;
  10668     VARIABLE LEN_S 1;
  10669     VARIABLE A 1;
  10670     VARIABLE SF 1;
  10671     VARIABLE SD 1;
  10672     VARIABLE SF1 1;
  10673     VARIABLE SF2 1;
  10674     VARIABLE SD1 1;
  10675     VARIABLE SD2 1;
  10676     VARIABLE QF1 1;
  10677     VARIABLE QD 1;
  10678     VARIABLE Q9W2 1;
  10679     VARIABLE Q7W2 1;
  10680     VARIABLE Q6W2 1;
  10681     VARIABLE Q5W2 1;
  10682     VARIABLE Q4W2 1;
  10683     VARIABLE Q3W2 1;
  10684     VARIABLE Q2W2 1;
  10685     VARIABLE Q1W2 1;
  10686     VARIABLE QFF6W 1;
  10687     VARIABLE QFF5W 1;
  10688     VARIABLE QFF4W 1;
  10689     VARIABLE QFF3W 1;
  10690     VARIABLE QFF2W 1;
  10691     VARIABLE QFF1W 1;
  10692     VARIABLE QFF6E 1;
  10693     VARIABLE QFF5E 1;
  10694     VARIABLE QFF4E 1;
  10695     VARIABLE QFF3E 1;
  10696     VARIABLE QFF2E 1;
  10697     VARIABLE QFF1E 1;
  10698     VARIABLE DQ 1;
  10699     DQ := DELTAQ;
  10700     A := 0.05;
  10701     LEN_S := 0.30;
  10702     SF:= SEXTGX1;
  10703     SD:= SEXTGY1;
  10704     QF1:= 0.5148373645-0.00025+DQ;
  10705     QD :=-0.5037116682+0.00055;
  10706     Q9W2:= 0.5165649809-0.00025+DQ;
  10707     Q7W2:= 0.5100182514-0.00025+DQ;
  10708     Q6W2:=-0.5184853392+0.00055;
  10709     Q5W2:= 0.5185577457;
  10710     Q4W2:=-0.5166681483;
  10711     Q3W2:= 0.5101517326;
  10712     Q2W2:= 0.5206704002;
  10713     Q1W2:=-0.5144561001;
  10714     QFF6W:=-0.4320257024;
  10715     QFF5W:=0.4320385086;
  10716     QFF4W:=-0.4309241463;
  10717     QFF3W:= 0.4296563344;
  10718     QFF2W:=-0.4327210556;
  10719     QFF1W:= 0.4355907633;
  10720     QFF6E:=-0.4280618527;
  10721     QFF5E:=0.4323427116;
  10722     QFF4E:=-0.4372470293;
  10723     QFF3E:=0.4309241463;
  10724     QFF2E:=-0.4320385086;
  10725     QFF1E:=0.4320257024;
  10726     HNUM := 66;
  10727     VRF(1, 1) := -100;
  10728     FREQ := HNUM*REVFREQ(FACCLEN(1)); %REVFREQ: 9907 %FACCLEN:10534
  10729     WRITE 6 '********************************************';
  10730     WRITE 6 '*      FS NICA BYPASS 7 NOW 2022           *';
  10731     WRITE 6 '********************************************';
  10732     WRITE 6 'VRF: '&ST(VRF(1,1))&' kV';
  10733     WRITE 6 'REVOLUTION FREQUENCY: '&ST(REVFREQ(FACCLEN(1))/1E6)&' MHZ
                  '; %REVFREQ: 9907 %FACCLEN:10534
  10734     WRITE 6 'RF FREQUENCY: '&ST(FREQ/1E6)&' MHZ';
  10735     UM; %UM: 1488
  10736     CR; %CR:  947
  10737     IF RFFLAG=1;
  10738       RF VRF 0 FREQ 0 0.05; %RF: 8697
  10739       WRITE 6 'INSERTING RF...';
  10740       WRITE 6 'RF MAP(6):' MAP(6);
  10741       ENDIF;
  10742     LOOP I 1 1;
  10743       DL 0.215 ; %DL: 6559
  10744       SBEND 1.94 0.07853981634 0 0.03926990817 0.03586152553 0.0392699
                  0817 0.03586152553 0.5 0.5 ; %SBEND:10385
  10745       DL 0.3 ; %DL: 6559
  10746       SBEND 1.94 0.07853981634 0 0.03926990817 0.03586152553 0.0392699
                  0817 0.03586152553 0.5 0.5 ; %SBEND:10385
  10747       DL 0.3365 ; %DL: 6559
  10748       DL 0.3 ; %DL: 6559
  10749       DL 0.076 ; %DL: 6559
  10750       QUAD 0.375 0 Q7W2 ; %QUAD:10321
  10751       DL 5.1815 ; %DL: 6559
  10752       DL 0.3 ; %DL: 6559
  10753       DL 0.076 ; %DL: 6559
  10754       QUAD 0.235 0 QD ; %QUAD:10321
  10755       QUAD 0.235 0 QD ; %QUAD:10321
  10756       DL 5.144 ; %DL: 6559
  10757       DL 0.3 ; %DL: 6559
  10758       DL 0.076 ; %DL: 6559
  10759       QUAD 0.45 0 Q9W2 ; %QUAD:10321
  10760       DL 0.675 ; %DL: 6559
  10761       SBEND 1.94 0.07853981588 0 0.03926990817 0.03586152553 0.0392699
                  0817 0.03586152553 0.5 0.5 ; %SBEND:10385
  10762       DL 0.3 ; %DL: 6559
  10763       SBEND 1.94 0.07853981588 0 0.03926990817 0.03586152553 0.0392699
                  0817 0.03586152553 0.5 0.5 ; %SBEND:10385
  10764       DL 0.289 ; %DL: 6559
  10765       MH LEN_S SD 0.05; %MH: 7153
  10766       DL 0.076 ; %DL: 6559
  10767       QUAD 0.235 0 QD ; %QUAD:10321
  10768       QUAD 0.235 0 QD ; %QUAD:10321
  10769       DL 0.665 ; %DL: 6559
  10770       SBEND 1.94 0.07853981588 0 0.03926990817 0.03586152553 0.0392699
                  0817 0.03586152553 0.5 0.5 ; %SBEND:10385
  10771       DL 0.3 ; %DL: 6559
  10772       SBEND 1.94 0.07853981588 0 0.03926990817 0.03586152553 0.0392699
                  0817 0.03586152553 0.5 0.5 ; %SBEND:10385
  10773       DL 0.289 ; %DL: 6559
  10774       MH LEN_S SF 0.05; %MH: 7153
  10775       DL 0.076 ; %DL: 6559
  10776       QUAD 0.235 0 QF1 ; %QUAD:10321
  10777       QUAD 0.235 0 QF1 ; %QUAD:10321
  10778       DL 0.665 ; %DL: 6559
  10779       SBEND 1.94 0.07853981588 0 0.03926990817 0.03586152553 0.0392699
                  0817 0.03586152553 0.5 0.5 ; %SBEND:10385
  10780       DL 0.3 ; %DL: 6559
  10781       SBEND 1.94 0.07853981588 0 0.03926990817 0.03586152553 0.0392699
                  0817 0.03586152553 0.5 0.5 ; %SBEND:10385
  10782       DL 0.289 ; %DL: 6559
  10783       MH LEN_S SD 0.05; %MH: 7153
  10784       DL 0.076 ; %DL: 6559
  10785       QUAD 0.235 0 QD ; %QUAD:10321
  10786       QUAD 0.235 0 QD ; %QUAD:10321
  10787       DL 0.665 ; %DL: 6559
  10788       SBEND 1.94 0.07853981588 0 0.03926990817 0.03586152553 0.0392699
                  0817 0.03586152553 0.5 0.5 ; %SBEND:10385
  10789       DL 0.3 ; %DL: 6559
  10790       SBEND 1.94 0.07853981588 0 0.03926990817 0.03586152553 0.0392699
                  0817 0.03586152553 0.5 0.5 ; %SBEND:10385
  10791       DL 0.289 ; %DL: 6559
  10792       MH LEN_S SF 0.05; %MH: 7153
  10793       DL 0.076 ; %DL: 6559
  10794       QUAD 0.235 0 QF1 ; %QUAD:10321
  10795       QUAD 0.235 0 QF1 ; %QUAD:10321
  10796       DL 0.665 ; %DL: 6559
  10797       SBEND 1.94 0.07853981588 0 0.03926990817 0.03586152553 0.0392699
                  0817 0.03586152553 0.5 0.5 ; %SBEND:10385
  10798       DL 0.3 ; %DL: 6559
  10799       SBEND 1.94 0.07853981588 0 0.03926990817 0.03586152553 0.0392699
                  0817 0.03586152553 0.5 0.5 ; %SBEND:10385
  10800       DL 0.289 ; %DL: 6559
  10801       MH LEN_S SD 0.05; %MH: 7153
  10802       DL 0.076 ; %DL: 6559
  10803       QUAD 0.235 0 QD ; %QUAD:10321
  10804       QUAD 0.235 0 QD ; %QUAD:10321
  10805       DL 0.665 ; %DL: 6559
  10806       SBEND 1.94 0.07853981588 0 0.03926990817 0.03586152553 0.0392699
                  0817 0.03586152553 0.5 0.5 ; %SBEND:10385
  10807       DL 0.3 ; %DL: 6559
  10808       SBEND 1.94 0.07853981588 0 0.03926990817 0.03586152553 0.0392699
                  0817 0.03586152553 0.5 0.5 ; %SBEND:10385
  10809       DL 0.289 ; %DL: 6559
  10810       MH LEN_S SF 0.05; %MH: 7153
  10811       DL 0.076 ; %DL: 6559
  10812       QUAD 0.235 0 QF1 ; %QUAD:10321
  10813       QUAD 0.235 0 QF1 ; %QUAD:10321
  10814       DL 0.665 ; %DL: 6559
  10815       SBEND 1.94 0.07853981588 0 0.03926990817 0.03586152553 0.0392699
                  0817 0.03586152553 0.5 0.5 ; %SBEND:10385
  10816       DL 0.3 ; %DL: 6559
  10817       SBEND 1.94 0.07853981588 0 0.03926990817 0.03586152553 0.0392699
                  0817 0.03586152553 0.5 0.5 ; %SBEND:10385
  10818       DL 0.289 ; %DL: 6559
  10819       MH LEN_S SD 0.05; %MH: 7153
  10820       DL 0.076 ; %DL: 6559
  10821       QUAD 0.235 0 QD ; %QUAD:10321
  10822       QUAD 0.235 0 QD ; %QUAD:10321
  10823       DL 0.665 ; %DL: 6559
  10824       SBEND 1.94 0.07853981588 0 0.03926990817 0.03586152553 0.0392699
                  0817 0.03586152553 0.5 0.5 ; %SBEND:10385
  10825       DL 0.3 ; %DL: 6559
  10826       SBEND 1.94 0.07853981588 0 0.03926990817 0.03586152553 0.0392699
                  0817 0.03586152553 0.5 0.5 ; %SBEND:10385
  10827       DL 0.289 ; %DL: 6559
  10828       MH LEN_S SF 0.05; %MH: 7153
  10829       DL 0.076 ; %DL: 6559
  10830       QUAD 0.235 0 QF1 ; %QUAD:10321
  10831       QUAD 0.235 0 QF1 ; %QUAD:10321
  10832       DL 0.665 ; %DL: 6559
  10833       SBEND 1.94 0.07853981588 0 0.03926990817 0.03586152553 0.0392699
                  0817 0.03586152553 0.5 0.5 ; %SBEND:10385
  10834       DL 0.3 ; %DL: 6559
  10835       SBEND 1.94 0.07853981588 0 0.03926990817 0.03586152553 0.0392699
                  0817 0.03586152553 0.5 0.5 ; %SBEND:10385
  10836       DL 0.289 ; %DL: 6559
  10837       MH LEN_S SD 0.05; %MH: 7153
  10838       DL 0.076 ; %DL: 6559
  10839       QUAD 0.235 0 QD ; %QUAD:10321
  10840       QUAD 0.235 0 QD ; %QUAD:10321
  10841       DL 0.665 ; %DL: 6559
  10842       SBEND 1.94 0.07853981588 0 0.03926990817 0.03586152553 0.0392699
                  0817 0.03586152553 0.5 0.5 ; %SBEND:10385
  10843       DL 0.3 ; %DL: 6559
  10844       SBEND 1.94 0.07853981588 0 0.03926990817 0.03586152553 0.0392699
                  0817 0.03586152553 0.5 0.5 ; %SBEND:10385
  10845       DL 0.289 ; %DL: 6559
  10846       MH LEN_S SF 0.05; %MH: 7153
  10847       DL 0.076 ; %DL: 6559
  10848       QUAD 0.235 0 QF1 ; %QUAD:10321
  10849       QUAD 0.235 0 QF1 ; %QUAD:10321
  10850       DL 0.665 ; %DL: 6559
  10851       SBEND 1.94 0.07853981588 0 0.03926990817 0.03586152553 0.0392699
                  0817 0.03586152553 0.5 0.5 ; %SBEND:10385
  10852       DL 0.3 ; %DL: 6559
  10853       SBEND 1.94 0.07853981588 0 0.03926990817 0.03586152553 0.0392699
                  0817 0.03586152553 0.5 0.5 ; %SBEND:10385
  10854       DL 0.289 ; %DL: 6559
  10855       MH LEN_S SD 0.05; %MH: 7153
  10856       DL 0.076 ; %DL: 6559
  10857       QUAD 0.235 0 QD ; %QUAD:10321
  10858       QUAD 0.235 0 QD ; %QUAD:10321
  10859       DL 0.665 ; %DL: 6559
  10860       SBEND 1.94 0.07853981588 0 0.03926990817 0.03586152553 0.0392699
                  0817 0.03586152553 0.5 0.5 ; %SBEND:10385
  10861       DL 0.3 ; %DL: 6559
  10862       SBEND 1.94 0.07853981588 0 0.03926990817 0.03586152553 0.0392699
                  0817 0.03586152553 0.5 0.5 ; %SBEND:10385
  10863       DL 0.289 ; %DL: 6559
  10864       MH LEN_S SF 0.05; %MH: 7153
  10865       DL 0.076 ; %DL: 6559
  10866       QUAD 0.235 0 QF1 ; %QUAD:10321
  10867       QUAD 0.235 0 QF1 ; %QUAD:10321
  10868       DL 0.665 ; %DL: 6559
  10869       SBEND 1.94 0.07853981588 0 0.03926990817 0.03586152553 0.0392699
                  0817 0.03586152553 0.5 0.5 ; %SBEND:10385
  10870       DL 0.3 ; %DL: 6559
  10871       SBEND 1.94 0.07853981588 0 0.03926990817 0.03586152553 0.0392699
                  0817 0.03586152553 0.5 0.5 ; %SBEND:10385
  10872       DL 0.289 ; %DL: 6559
  10873       MH LEN_S SD 0.05; %MH: 7153
  10874       DL 0.076 ; %DL: 6559
  10875       QUAD 0.235 0 QD ; %QUAD:10321
  10876       QUAD 0.235 0 QD ; %QUAD:10321
  10877       DL 0.665 ; %DL: 6559
  10878       SBEND 1.94 0.07853981588 0 0.03926990817 0.03586152553 0.0392699
                  0817 0.03586152553 0.5 0.5 ; %SBEND:10385
  10879       DL 0.3 ; %DL: 6559
  10880       SBEND 1.94 0.07853981588 0 0.03926990817 0.03586152553 0.0392699
                  0817 0.03586152553 0.5 0.5 ; %SBEND:10385
  10881       DL 0.289 ; %DL: 6559
  10882       MH LEN_S SF 0.05; %MH: 7153
  10883       DL 0.076 ; %DL: 6559
  10884       QUAD 0.235 0 QF1 ; %QUAD:10321
  10885       QUAD 0.235 0 QF1 ; %QUAD:10321
  10886       DL 0.665 ; %DL: 6559
  10887       SBEND 1.94 0.07853981588 0 0.03926990817 0.03586152553 0.0392699
                  0817 0.03586152553 0.5 0.5 ; %SBEND:10385
  10888       DL 0.3 ; %DL: 6559
  10889       SBEND 1.94 0.07853981588 0 0.03926990817 0.03586152553 0.0392699
                  0817 0.03586152553 0.5 0.5 ; %SBEND:10385
  10890       DL 0.289 ; %DL: 6559
  10891       MH LEN_S SD 0.05; %MH: 7153
  10892       DL 0.076 ; %DL: 6559
  10893       QUAD 0.235 0 QD ; %QUAD:10321
  10894       QUAD 0.235 0 QD ; %QUAD:10321
  10895       DL 0.665 ; %DL: 6559
  10896       SBEND 1.94 0.07853981588 0 0.03926990817 0.03586152553 0.0392699
                  0817 0.03586152553 0.5 0.5 ; %SBEND:10385
  10897       DL 0.3 ; %DL: 6559
  10898       SBEND 1.94 0.07853981588 0 0.03926990817 0.03586152553 0.0392699
                  0817 0.03586152553 0.5 0.5 ; %SBEND:10385
  10899       DL 0.289 ; %DL: 6559
  10900       MH LEN_S SF 0.05; %MH: 7153
  10901       DL 0.076 ; %DL: 6559
  10902       QUAD 0.235 0 QF1 ; %QUAD:10321
  10903       QUAD 0.235 0 QF1 ; %QUAD:10321
  10904       DL 0.665 ; %DL: 6559
  10905       SBEND 1.94 0.07853981588 0 0.03926990817 0.03586152553 0.0392699
                  0817 0.03586152553 0.5 0.5 ; %SBEND:10385
  10906       DL 0.3 ; %DL: 6559
  10907       SBEND 1.94 0.07853981588 0 0.03926990817 0.03586152553 0.0392699
                  0817 0.03586152553 0.5 0.5 ; %SBEND:10385
  10908       DL 0.289 ; %DL: 6559
  10909       DL 0.3 ; %DL: 6559
  10910       DL 0.076 ; %DL: 6559
  10911       QUAD 0.235 0 QD ; %QUAD:10321
  10912       QUAD 0.235 0 QD ; %QUAD:10321
  10913       DL 0.665 ; %DL: 6559
  10914       SBEND 1.94 0.07853981588 0 0.03926990817 0.03586152553 0.0392699
                  0817 0.03586152553 0.5 0.5 ; %SBEND:10385
  10915       DL 0.3 ; %DL: 6559
  10916       SBEND 1.94 0.07853981588 0 0.03926990817 0.03586152553 0.0392699
                  0817 0.03586152553 0.5 0.5 ; %SBEND:10385
  10917       DL 0.299 ; %DL: 6559
  10918       DL 0.3 ; %DL: 6559
  10919       DL 0.076 ; %DL: 6559
  10920       QUAD 0.45 0 Q9W2 ; %QUAD:10321
  10921       DL 5.144 ; %DL: 6559
  10922       DL 0.3 ; %DL: 6559
  10923       DL 0.076 ; %DL: 6559
  10924       QUAD 0.235 0 QD ; %QUAD:10321
  10925       QUAD 0.235 0 QD ; %QUAD:10321
  10926       DL 5.1815 ; %DL: 6559
  10927       DL 0.3 ; %DL: 6559
  10928       DL 0.076 ; %DL: 6559
  10929       QUAD 0.375 0 Q7W2 ; %QUAD:10321
  10930       DL 0.7125 ; %DL: 6559
  10931       SBEND 1.94 0.07853981588 0 0.03926990817 0.03586152553 0.0392699
                  0817 0.03586152553 0.5 0.5 ; %SBEND:10385
  10932       DL 0.3 ; %DL: 6559
  10933       SBEND 1.94 0.07853981588 0 0.03926990817 0.03586152553 0.0392699
                  0817 0.03586152553 0.5 0.5 ; %SBEND:10385
  10934       DL 0.215 ; %DL: 6559
  10935       DL 0.085 ; %DL: 6559
  10936       QUAD 0.785 0 Q6W2 ; %QUAD:10321
  10937       DL 0.11787 ; %DL: 6559
  10938       DL 0.3 ; %DL: 6559
  10939       DL 0.1 ; %DL: 6559
  10940       QUAD 0.69 0 Q5W2 ; %QUAD:10321
  10941       DL 3.415; %DL: 6559
  10942       DL 6 ; %DL: 6559
  10943       DL 3.5 ; %DL: 6559
  10944       QUAD 0.67 0 Q4W2 ; %QUAD:10321
  10945       DL 0.1 ; %DL: 6559
  10946       DL 0.3; %DL: 6559
  10947       DL 0.1 ; %DL: 6559
  10948       QUAD 0.56 0 Q3W2; %QUAD:10321
  10949       DL 0.415 ; %DL: 6559
  10950       QUAD 0.59 0 Q2W2; %QUAD:10321
  10951       DL 0.1 ; %DL: 6559
  10952       DL 0.3; %DL: 6559
  10953       DL 0.1 ; %DL: 6559
  10954       QUAD 0.545 0 Q1W2; %QUAD:10321
  10955       DL 8.1 ; %DL: 6559
  10956       DL 1.54 ; %DL: 6559
  10957       DL 0.3 ; %DL: 6559
  10958       DL 0.1 ; %DL: 6559
  10959       DL 10.0545 ; %DL: 6559
  10960       DL 0.1846151933; %DL: 6559
  10961       DL 0.3; %DL: 6559
  10962       DL 0.1 ; %DL: 6559
  10963       SBEND 1.38 0.04100340928 1.570796327 0 0 0 0 0 0 ; %SBEND:10385
  10964       DL 2.52301481 ; %DL: 6559
  10965       SBEND 1.38 -0.04100340928 1.570796327 0 0 0 0 0 0 ; %SBEND:10385

  10966       DL 0.2 ; %DL: 6559
  10967       DL 0.3 ; %DL: 6559
  10968       DL 0.1 ; %DL: 6559
  10969       QUAD 0.68 0 QFF3W ; %QUAD:10321
  10970       DL 0.7375 ; %DL: 6559
  10971       QUAD 1.415 0 QFF2W ; %QUAD:10321
  10972       DL 0.3225 ; %DL: 6559
  10973       QUAD 0.945 0 QFF1W ; %QUAD:10321
  10974       DL 5.25 ; %DL: 6559
  10975       DL 5.25 ; %DL: 6559
  10976       QUAD 0.945 0 QFF6E ; %QUAD:10321
  10977       DL 0.3225 ; %DL: 6559
  10978       QUAD 1.415 0 QFF5E ; %QUAD:10321
  10979       DL 0.7375 ; %DL: 6559
  10980       QUAD 0.68 0 QFF4E ; %QUAD:10321
  10981       DL 0.1 ; %DL: 6559
  10982       DL 0.3 ; %DL: 6559
  10983       DL 0.2 ; %DL: 6559
  10984       SBEND 1.38 -0.04100340928 1.570796327 0 0 0 0 0 0 ; %SBEND:10385

  10985       DL 2.52301481 ; %DL: 6559
  10986       SBEND 1.38 0.04100340928 1.570796327 0 0 0 0 0 0 ; %SBEND:10385
  10987       DL 0.1 ; %DL: 6559
  10988       DL 0.3 ; %DL: 6559
  10989       DL 0.1846151933; %DL: 6559
  10990       DL 10.0545 ; %DL: 6559
  10991       DL 0.1 ; %DL: 6559
  10992       DL 0.3 ; %DL: 6559
  10993       DL 1.54 ; %DL: 6559
  10994       DL 8.1 ; %DL: 6559
  10995       QUAD 0.545 0 Q1W2; %QUAD:10321
  10996       DL 0.1 ; %DL: 6559
  10997       DL 0.3; %DL: 6559
  10998       DL 0.1 ; %DL: 6559
  10999       QUAD 0.59 0 Q2W2; %QUAD:10321
  11000       DL 0.415 ; %DL: 6559
  11001       QUAD 0.56 0 Q3W2; %QUAD:10321
  11002       DL 0.1 ; %DL: 6559
  11003       DL 0.3; %DL: 6559
  11004       DL 0.1 ; %DL: 6559
  11005       QUAD 0.67 0 Q4W2 ; %QUAD:10321
  11006       DL 1.8975 ; %DL: 6559
  11007       DL 1.841 ; %DL: 6559
  11008       DL 1.841 ; %DL: 6559
  11009       DL 1.841 ; %DL: 6559
  11010       DL 1.841 ; %DL: 6559
  11011       DL 1.841 ; %DL: 6559
  11012       DL 3.415; %DL: 6559
  11013       QUAD 0.69 0 Q5W2 ; %QUAD:10321
  11014       DL 0.1 ; %DL: 6559
  11015       DL 0.3 ; %DL: 6559
  11016       DL 0.11787 ; %DL: 6559
  11017       QUAD 0.785 0 Q6W2 ; %QUAD:10321
  11018       DL 0.085 ; %DL: 6559
  11019       DL 0.215 ; %DL: 6559
  11020       SBEND 1.94 0.07853981634 0 0.03926990817 0.03586152553 0.0392699
                  0817 0.03586152553 0.5 0.5 ; %SBEND:10385
  11021       DL 0.3 ; %DL: 6559
  11022       SBEND 1.94 0.07853981634 0 0.03926990817 0.03586152553 0.0392699
                  0817 0.03586152553 0.5 0.5 ; %SBEND:10385
  11023       DL 0.3365 ; %DL: 6559
  11024       DL 0.3 ; %DL: 6559
  11025       DL 0.076 ; %DL: 6559
  11026       QUAD 0.375 0 Q7W2 ; %QUAD:10321
  11027       DL 5.1815 ; %DL: 6559
  11028       DL 0.3 ; %DL: 6559
  11029       DL 0.076 ; %DL: 6559
  11030       QUAD 0.235 0 QD ; %QUAD:10321
  11031       QUAD 0.235 0 QD ; %QUAD:10321
  11032       DL 5.144 ; %DL: 6559
  11033       DL 0.3 ; %DL: 6559
  11034       DL 0.076 ; %DL: 6559
  11035       QUAD 0.45 0 Q9W2 ; %QUAD:10321
  11036       DL 0.675 ; %DL: 6559
  11037       SBEND 1.94 0.07853981588 0 0.03926990817 0.03586152553 0.0392699
                  0817 0.03586152553 0.5 0.5 ; %SBEND:10385
  11038       DL 0.3 ; %DL: 6559
  11039       SBEND 1.94 0.07853981588 0 0.03926990817 0.03586152553 0.0392699
                  0817 0.03586152553 0.5 0.5 ; %SBEND:10385
  11040       DL 0.289 ; %DL: 6559
  11041       MH LEN_S SD 0.05; %MH: 7153
  11042       DL 0.076 ; %DL: 6559
  11043       QUAD 0.235 0 QD ; %QUAD:10321
  11044       QUAD 0.235 0 QD ; %QUAD:10321
  11045       DL 0.665 ; %DL: 6559
  11046       SBEND 1.94 0.07853981588 0 0.03926990817 0.03586152553 0.0392699
                  0817 0.03586152553 0.5 0.5 ; %SBEND:10385
  11047       DL 0.3 ; %DL: 6559
  11048       SBEND 1.94 0.07853981588 0 0.03926990817 0.03586152553 0.0392699
                  0817 0.03586152553 0.5 0.5 ; %SBEND:10385
  11049       DL 0.289 ; %DL: 6559
  11050       MH LEN_S SF 0.05; %MH: 7153
  11051       DL 0.076 ; %DL: 6559
  11052       QUAD 0.235 0 QF1 ; %QUAD:10321
  11053       QUAD 0.235 0 QF1 ; %QUAD:10321
  11054       DL 0.665 ; %DL: 6559
  11055       SBEND 1.94 0.07853981588 0 0.03926990817 0.03586152553 0.0392699
                  0817 0.03586152553 0.5 0.5 ; %SBEND:10385
  11056       DL 0.3 ; %DL: 6559
  11057       SBEND 1.94 0.07853981588 0 0.03926990817 0.03586152553 0.0392699
                  0817 0.03586152553 0.5 0.5 ; %SBEND:10385
  11058       DL 0.289 ; %DL: 6559
  11059       MH LEN_S SD 0.05; %MH: 7153
  11060       DL 0.076 ; %DL: 6559
  11061       QUAD 0.235 0 QD ; %QUAD:10321
  11062       QUAD 0.235 0 QD ; %QUAD:10321
  11063       DL 0.665 ; %DL: 6559
  11064       SBEND 1.94 0.07853981588 0 0.03926990817 0.03586152553 0.0392699
                  0817 0.03586152553 0.5 0.5 ; %SBEND:10385
  11065       DL 0.3 ; %DL: 6559
  11066       SBEND 1.94 0.07853981588 0 0.03926990817 0.03586152553 0.0392699
                  0817 0.03586152553 0.5 0.5 ; %SBEND:10385
  11067       DL 0.289 ; %DL: 6559
  11068       MH LEN_S SF 0.05; %MH: 7153
  11069       DL 0.076 ; %DL: 6559
  11070       QUAD 0.235 0 QF1 ; %QUAD:10321
  11071       QUAD 0.235 0 QF1 ; %QUAD:10321
  11072       DL 0.665 ; %DL: 6559
  11073       SBEND 1.94 0.07853981588 0 0.03926990817 0.03586152553 0.0392699
                  0817 0.03586152553 0.5 0.5 ; %SBEND:10385
  11074       DL 0.3 ; %DL: 6559
  11075       SBEND 1.94 0.07853981588 0 0.03926990817 0.03586152553 0.0392699
                  0817 0.03586152553 0.5 0.5 ; %SBEND:10385
  11076       DL 0.289 ; %DL: 6559
  11077       MH LEN_S SD 0.05; %MH: 7153
  11078       DL 0.076 ; %DL: 6559
  11079       QUAD 0.235 0 QD ; %QUAD:10321
  11080       QUAD 0.235 0 QD ; %QUAD:10321
  11081       DL 0.665 ; %DL: 6559
  11082       SBEND 1.94 0.07853981588 0 0.03926990817 0.03586152553 0.0392699
                  0817 0.03586152553 0.5 0.5 ; %SBEND:10385
  11083       DL 0.3 ; %DL: 6559
  11084       SBEND 1.94 0.07853981588 0 0.03926990817 0.03586152553 0.0392699
                  0817 0.03586152553 0.5 0.5 ; %SBEND:10385
  11085       DL 0.289 ; %DL: 6559
  11086       MH LEN_S SF 0.05; %MH: 7153
  11087       DL 0.076 ; %DL: 6559
  11088       QUAD 0.235 0 QF1 ; %QUAD:10321
  11089       QUAD 0.235 0 QF1 ; %QUAD:10321
  11090       DL 0.665 ; %DL: 6559
  11091       SBEND 1.94 0.07853981588 0 0.03926990817 0.03586152553 0.0392699
                  0817 0.03586152553 0.5 0.5 ; %SBEND:10385
  11092       DL 0.3 ; %DL: 6559
  11093       SBEND 1.94 0.07853981588 0 0.03926990817 0.03586152553 0.0392699
                  0817 0.03586152553 0.5 0.5 ; %SBEND:10385
  11094       DL 0.289 ; %DL: 6559
  11095       MH LEN_S SD 0.05; %MH: 7153
  11096       DL 0.076 ; %DL: 6559
  11097       QUAD 0.235 0 QD ; %QUAD:10321
  11098       QUAD 0.235 0 QD ; %QUAD:10321
  11099       DL 0.665 ; %DL: 6559
  11100       SBEND 1.94 0.07853981588 0 0.03926990817 0.03586152553 0.0392699
                  0817 0.03586152553 0.5 0.5 ; %SBEND:10385
  11101       DL 0.3 ; %DL: 6559
  11102       SBEND 1.94 0.07853981588 0 0.03926990817 0.03586152553 0.0392699
                  0817 0.03586152553 0.5 0.5 ; %SBEND:10385
  11103       DL 0.289 ; %DL: 6559
  11104       MH LEN_S SF 0.05; %MH: 7153
  11105       DL 0.076 ; %DL: 6559
  11106       QUAD 0.235 0 QF1 ; %QUAD:10321
  11107       QUAD 0.235 0 QF1 ; %QUAD:10321
  11108       DL 0.665 ; %DL: 6559
  11109       SBEND 1.94 0.07853981588 0 0.03926990817 0.03586152553 0.0392699
                  0817 0.03586152553 0.5 0.5 ; %SBEND:10385
  11110       DL 0.3 ; %DL: 6559
  11111       SBEND 1.94 0.07853981588 0 0.03926990817 0.03586152553 0.0392699
                  0817 0.03586152553 0.5 0.5 ; %SBEND:10385
  11112       DL 0.289 ; %DL: 6559
  11113       MH LEN_S SD 0.05; %MH: 7153
  11114       DL 0.076 ; %DL: 6559
  11115       QUAD 0.235 0 QD ; %QUAD:10321
  11116       QUAD 0.235 0 QD ; %QUAD:10321
  11117       DL 0.665 ; %DL: 6559
  11118       SBEND 1.94 0.07853981588 0 0.03926990817 0.03586152553 0.0392699
                  0817 0.03586152553 0.5 0.5 ; %SBEND:10385
  11119       DL 0.3 ; %DL: 6559
  11120       SBEND 1.94 0.07853981588 0 0.03926990817 0.03586152553 0.0392699
                  0817 0.03586152553 0.5 0.5 ; %SBEND:10385
  11121       DL 0.289 ; %DL: 6559
  11122       MH LEN_S SF 0.05; %MH: 7153
  11123       DL 0.076 ; %DL: 6559
  11124       QUAD 0.235 0 QF1 ; %QUAD:10321
  11125       QUAD 0.235 0 QF1 ; %QUAD:10321
  11126       DL 0.665 ; %DL: 6559
  11127       SBEND 1.94 0.07853981588 0 0.03926990817 0.03586152553 0.0392699
                  0817 0.03586152553 0.5 0.5 ; %SBEND:10385
  11128       DL 0.3 ; %DL: 6559
  11129       SBEND 1.94 0.07853981588 0 0.03926990817 0.03586152553 0.0392699
                  0817 0.03586152553 0.5 0.5 ; %SBEND:10385
  11130       DL 0.289 ; %DL: 6559
  11131       MH LEN_S SD 0.05; %MH: 7153
  11132       DL 0.076 ; %DL: 6559
  11133       QUAD 0.235 0 QD ; %QUAD:10321
  11134       QUAD 0.235 0 QD ; %QUAD:10321
  11135       DL 0.665 ; %DL: 6559
  11136       SBEND 1.94 0.07853981588 0 0.03926990817 0.03586152553 0.0392699
                  0817 0.03586152553 0.5 0.5 ; %SBEND:10385
  11137       DL 0.3 ; %DL: 6559
  11138       SBEND 1.94 0.07853981588 0 0.03926990817 0.03586152553 0.0392699
                  0817 0.03586152553 0.5 0.5 ; %SBEND:10385
  11139       DL 0.289 ; %DL: 6559
  11140       MH LEN_S SF 0.05; %MH: 7153
  11141       DL 0.076 ; %DL: 6559
  11142       QUAD 0.235 0 QF1 ; %QUAD:10321
  11143       QUAD 0.235 0 QF1 ; %QUAD:10321
  11144       DL 0.665 ; %DL: 6559
  11145       SBEND 1.94 0.07853981588 0 0.03926990817 0.03586152553 0.0392699
                  0817 0.03586152553 0.5 0.5 ; %SBEND:10385
  11146       DL 0.3 ; %DL: 6559
  11147       SBEND 1.94 0.07853981588 0 0.03926990817 0.03586152553 0.0392699
                  0817 0.03586152553 0.5 0.5 ; %SBEND:10385
  11148       DL 0.289 ; %DL: 6559
  11149       MH LEN_S SD 0.05; %MH: 7153
  11150       DL 0.076 ; %DL: 6559
  11151       QUAD 0.235 0 QD ; %QUAD:10321
  11152       QUAD 0.235 0 QD ; %QUAD:10321
  11153       DL 0.665 ; %DL: 6559
  11154       SBEND 1.94 0.07853981588 0 0.03926990817 0.03586152553 0.0392699
                  0817 0.03586152553 0.5 0.5 ; %SBEND:10385
  11155       DL 0.3 ; %DL: 6559
  11156       SBEND 1.94 0.07853981588 0 0.03926990817 0.03586152553 0.0392699
                  0817 0.03586152553 0.5 0.5 ; %SBEND:10385
  11157       DL 0.289 ; %DL: 6559
  11158       MH LEN_S SF 0.05; %MH: 7153
  11159       DL 0.076 ; %DL: 6559
  11160       QUAD 0.235 0 QF1 ; %QUAD:10321
  11161       QUAD 0.235 0 QF1 ; %QUAD:10321
  11162       DL 0.665 ; %DL: 6559
  11163       SBEND 1.94 0.07853981588 0 0.03926990817 0.03586152553 0.0392699
                  0817 0.03586152553 0.5 0.5 ; %SBEND:10385
  11164       DL 0.3 ; %DL: 6559
  11165       SBEND 1.94 0.07853981588 0 0.03926990817 0.03586152553 0.0392699
                  0817 0.03586152553 0.5 0.5 ; %SBEND:10385
  11166       DL 0.289 ; %DL: 6559
  11167       MH LEN_S SD 0.05; %MH: 7153
  11168       DL 0.076 ; %DL: 6559
  11169       QUAD 0.235 0 QD ; %QUAD:10321
  11170       QUAD 0.235 0 QD ; %QUAD:10321
  11171       DL 0.665 ; %DL: 6559
  11172       SBEND 1.94 0.07853981588 0 0.03926990817 0.03586152553 0.0392699
                  0817 0.03586152553 0.5 0.5 ; %SBEND:10385
  11173       DL 0.3 ; %DL: 6559
  11174       SBEND 1.94 0.07853981588 0 0.03926990817 0.03586152553 0.0392699
                  0817 0.03586152553 0.5 0.5 ; %SBEND:10385
  11175       DL 0.289 ; %DL: 6559
  11176       MH LEN_S SF 0.05; %MH: 7153
  11177       DL 0.076 ; %DL: 6559
  11178       QUAD 0.235 0 QF1 ; %QUAD:10321
  11179       QUAD 0.235 0 QF1 ; %QUAD:10321
  11180       DL 0.665 ; %DL: 6559
  11181       SBEND 1.94 0.07853981588 0 0.03926990817 0.03586152553 0.0392699
                  0817 0.03586152553 0.5 0.5 ; %SBEND:10385
  11182       DL 0.3 ; %DL: 6559
  11183       SBEND 1.94 0.07853981588 0 0.03926990817 0.03586152553 0.0392699
                  0817 0.03586152553 0.5 0.5 ; %SBEND:10385
  11184       DL 0.289 ; %DL: 6559
  11185       DL 0.3 ; %DL: 6559
  11186       DL 0.076 ; %DL: 6559
  11187       QUAD 0.235 0 QD ; %QUAD:10321
  11188       QUAD 0.235 0 QD ; %QUAD:10321
  11189       DL 0.665 ; %DL: 6559
  11190       SBEND 1.94 0.07853981588 0 0.03926990817 0.03586152553 0.0392699
                  0817 0.03586152553 0.5 0.5 ; %SBEND:10385
  11191       DL 0.3 ; %DL: 6559
  11192       SBEND 1.94 0.07853981588 0 0.03926990817 0.03586152553 0.0392699
                  0817 0.03586152553 0.5 0.5 ; %SBEND:10385
  11193       DL 0.299 ; %DL: 6559
  11194       DL 0.3 ; %DL: 6559
  11195       DL 0.076 ; %DL: 6559
  11196       QUAD 0.45 0 Q9W2 ; %QUAD:10321
  11197       DL 5.144 ; %DL: 6559
  11198       DL 0.3 ; %DL: 6559
  11199       DL 0.076 ; %DL: 6559
  11200       QUAD 0.235 0 QD ; %QUAD:10321
  11201       QUAD 0.235 0 QD ; %QUAD:10321
  11202       DL 5.1815 ; %DL: 6559
  11203       DL 0.3 ; %DL: 6559
  11204       DL 0.076 ; %DL: 6559
  11205       QUAD 0.375 0 Q7W2 ; %QUAD:10321
  11206       DL 0.7125 ; %DL: 6559
  11207       SBEND 1.94 0.07853981588 0 0.03926990817 0.03586152553 0.0392699
                  0817 0.03586152553 0.5 0.5 ; %SBEND:10385
  11208       DL 0.3 ; %DL: 6559
  11209       SBEND 1.94 0.07853981588 0 0.03926990817 0.03586152553 0.0392699
                  0817 0.03586152553 0.5 0.5 ; %SBEND:10385
  11210       DL 0.215 ; %DL: 6559
  11211       DL 0.085 ; %DL: 6559
  11212       QUAD 0.785 0 Q6W2 ; %QUAD:10321
  11213       DL 0.11787 ; %DL: 6559
  11214       DL 0.3 ; %DL: 6559
  11215       DL 0.1 ; %DL: 6559
  11216       QUAD 0.69 0 Q5W2 ; %QUAD:10321
  11217       DL 12.915 ; %DL: 6559
  11218       QUAD 0.67 0 Q4W2 ; %QUAD:10321
  11219       DL 0.1 ; %DL: 6559
  11220       DL 0.3; %DL: 6559
  11221       DL 0.1 ; %DL: 6559
  11222       QUAD 0.56 0 Q3W2; %QUAD:10321
  11223       DL 0.415 ; %DL: 6559
  11224       QUAD 0.59 0 Q2W2; %QUAD:10321
  11225       DL 0.1 ; %DL: 6559
  11226       DL 0.3; %DL: 6559
  11227       DL 0.1 ; %DL: 6559
  11228       QUAD 0.545 0 Q1W2; %QUAD:10321
  11229       DL 8.1 ; %DL: 6559
  11230       DL 1.54 ; %DL: 6559
  11231       DL 0.3 ; %DL: 6559
  11232       DL 0.1 ; %DL: 6559
  11233       DL 10.0545 ; %DL: 6559
  11234       DL 0.1846151933; %DL: 6559
  11235       DL 0.3 ; %DL: 6559
  11236       DL 0.1 ; %DL: 6559
  11237       SBEND 1.38 0.04100340928 1.570796327 0 0 0 0 0 0 ; %SBEND:10385
  11238       DL 2.52301481 ; %DL: 6559
  11239       SBEND 1.38 -0.04100340928 1.570796327 0 0 0 0 0 0 ; %SBEND:10385

  11240       DL 0.2 ; %DL: 6559
  11241       DL 0.3 ; %DL: 6559
  11242       DL 0.1 ; %DL: 6559
  11243       QUAD 0.68 0 QFF3E ; %QUAD:10321
  11244       DL 0.7375 ; %DL: 6559
  11245       QUAD 1.415 0 QFF2E ; %QUAD:10321
  11246       DL 0.3225 ; %DL: 6559
  11247       QUAD 0.945 0 QFF1E ; %QUAD:10321
  11248       DL 5.25 ; %DL: 6559
  11249       DL 5.25 ; %DL: 6559
  11250       QUAD 0.945 0 QFF6W ; %QUAD:10321
  11251       DL 0.3225 ; %DL: 6559
  11252       QUAD 1.415 0 QFF5W ; %QUAD:10321
  11253       DL 0.7375 ; %DL: 6559
  11254       QUAD 0.68 0 QFF4W ; %QUAD:10321
  11255       DL 0.1 ; %DL: 6559
  11256       DL 0.3 ; %DL: 6559
  11257       DL 0.2 ; %DL: 6559
  11258       SBEND 1.38 -0.04100340928 1.570796327 0 0 0 0 0 0 ; %SBEND:10385

  11259       DL 2.52301481 ; %DL: 6559
  11260       SBEND 1.38 0.04100340928 1.570796327 0 0 0 0 0 0 ; %SBEND:10385
  11261       DL 0.1 ; %DL: 6559
  11262       DL 0.3 ; %DL: 6559
  11263       DL 0.1846151933; %DL: 6559
  11264       DL 3.98475 ; %DL: 6559
  11265       DL 2.085 ; %DL: 6559
  11266       DL 3.98475 ; %DL: 6559
  11267       DL 0.1 ; %DL: 6559
  11268       DL 0.3 ; %DL: 6559
  11269       DL 1.54 ; %DL: 6559
  11270       DL 8.1 ; %DL: 6559
  11271       QUAD 0.545 0 Q1W2; %QUAD:10321
  11272       DL 0.1 ; %DL: 6559
  11273       DL 0.3; %DL: 6559
  11274       DL 0.1 ; %DL: 6559
  11275       QUAD 0.59 0 Q2W2; %QUAD:10321
  11276       DL 0.415 ; %DL: 6559
  11277       QUAD 0.56 0 Q3W2; %QUAD:10321
  11278       DL 0.1 ; %DL: 6559
  11279       DL 0.3; %DL: 6559
  11280       DL 0.1 ; %DL: 6559
  11281       QUAD 0.67 0 Q4W2 ; %QUAD:10321
  11282       DL 4.5675 ; %DL: 6559
  11283       DL 1.9325 ; %DL: 6559
  11284       DL 1.9325 ; %DL: 6559
  11285       DL 4.4825 ; %DL: 6559
  11286       QUAD 0.69 0 Q5W2 ; %QUAD:10321
  11287       DL 0.1 ; %DL: 6559
  11288       DL 0.3 ; %DL: 6559
  11289       DL 0.11787 ; %DL: 6559
  11290       QUAD 0.785 0 Q6W2 ; %QUAD:10321
  11291       DL 0.085 ; %DL: 6559
  11292       ENDLOOP;
  11293     ENDPROCEDURE;
 --- BIN FILE WRITTEN: NICA_Gold
  11294   SAVE 'NICA_Gold';
