 --- BIN FILE READ: header
  10579 INCLUDE 'header';
  10580   PROCEDURE LATTICE SEXTGX1 SEXTGY1 KS RFFLAG;
  10581     VARIABLE VRF 1 1 1;
  10582     VARIABLE FREQ 1;
  10583     VARIABLE HNUM 1;
  10584     VARIABLE I 1;
  10585     VARIABLE LEN_S 1;
  10586     VARIABLE A 1;
  10587     VARIABLE SF 1;
  10588     VARIABLE SD 1;
  10589     VARIABLE SF1 1;
  10590     VARIABLE SF2 1;
  10591     VARIABLE SD1 1;
  10592     VARIABLE SD2 1;
  10593     VARIABLE QF1 1;
  10594     VARIABLE QD 1;
  10595     VARIABLE Q9W2 1;
  10596     VARIABLE Q7W2 1;
  10597     VARIABLE Q6W2 1;
  10598     VARIABLE Q5W2 1;
  10599     VARIABLE Q4W2 1;
  10600     VARIABLE Q3W2 1;
  10601     VARIABLE Q2W2 1;
  10602     VARIABLE Q1W2 1;
  10603     VARIABLE QFF3W 1;
  10604     VARIABLE QFF2W 1;
  10605     VARIABLE QFF1W 1;
  10606     A := 0.05;
  10607     LEN_S := 0.30;
  10608     SF:= SEXTGX1;
  10609     SD:= SEXTGY1;
  10610     QF1:= 0.5148373645;
  10611     QD :=-0.5037116682;
  10612     Q9W2:= 0.5165649809;
  10613     Q7W2:= 0.5100182514;
  10614     Q6W2:=-0.5184853392;
  10615     Q5W2:= 0.5185577457;
  10616     Q4W2:=-0.5166681483;
  10617     Q3W2:= 0.5101517326;
  10618     Q2W2:= 0.5206704002;
  10619     Q1W2:=-0.5144561001;
  10620     QFF3W:= 0.4296563344;
  10621     QFF2W:=-0.4327210556;
  10622     QFF1W:= 0.4355907633;
  10623     HNUM := 66;
  10624     VRF(1, 1) := 100/HNUM;
  10625     FREQ := HNUM*REVFREQ(FACCLEN(1)); %REVFREQ: 9907 %FACCLEN:10534
  10626     WRITE 6 '********************************************';
  10627     WRITE 6 '*      FS NICA BYPASS 7 NOW 2022           *';
  10628     WRITE 6 '********************************************';
  10629     WRITE 6 'REVOLUTION FREQUENCY: '&ST(REVFREQ(FACCLEN(1))/1E6)&' MHZ
                  '; %REVFREQ: 9907 %FACCLEN:10534
  10630     WRITE 6 'RF FREQUENCY: '&ST(FREQ/1E6)&' MHZ';
  10631     UM; %UM: 1488
  10632     CR; %CR:  947
  10633     LOOP I 1 1;
  10634       DL 5.25 ; %DL: 6559
  10635       QUAD 0.945 0 QFF1W ; %QUAD:10321
  10636       DL 0.3225 ; %DL: 6559
  10637       QUAD 1.415 0 QFF2W ; %QUAD:10321
  10638       DL 0.7375 ; %DL: 6559
  10639       QUAD 0.68 0 QFF3W ; %QUAD:10321
  10640       DL 0.1 ; %DL: 6559
  10641       DL 0.3 ; %DL: 6559
  10642       DL 0.2 ; %DL: 6559
  10643       SBEND 1.38 -0.04100340928 1.570796327 0 0 0 0 0 0 ; %SBEND:10385

  10644       DL 2.52301481 ; %DL: 6559
  10645       SBEND 1.38 0.04100340928 1.570796327 0 0 0 0 0 0 ; %SBEND:10385
  10646       DL 0.1 ; %DL: 6559
  10647       DL 0.3 ; %DL: 6559
  10648       DL 0.1846151933; %DL: 6559
  10649       DL 10.0545 ; %DL: 6559
  10650       DL 0.1 ; %DL: 6559
  10651       DL 0.3 ; %DL: 6559
  10652       DL 1.54 ; %DL: 6559
  10653       DL 8.1 ; %DL: 6559
  10654       QUAD 0.545 0 Q1W2; %QUAD:10321
  10655       DL 0.1 ; %DL: 6559
  10656       DL 0.3; %DL: 6559
  10657       DL 0.1 ; %DL: 6559
  10658       QUAD 0.59 0 Q2W2; %QUAD:10321
  10659       DL 0.415 ; %DL: 6559
  10660       QUAD 0.56 0 Q3W2; %QUAD:10321
  10661       DL 0.1 ; %DL: 6559
  10662       DL 0.3; %DL: 6559
  10663       DL 0.1 ; %DL: 6559
  10664       QUAD 0.67 0 Q4W2 ; %QUAD:10321
  10665       SOLENOID 3.5 KS ; %SOLENOID:10473
  10666       DL 6 ; %DL: 6559
  10667       IF RFFLAG=1;
  10668         RF VRF 0 FREQ 0 0.05; %RF: 8697
  10669         ENDIF;
  10670       DL 3.415; %DL: 6559
  10671       QUAD 0.69 0 Q5W2 ; %QUAD:10321
  10672       DL 0.1 ; %DL: 6559
  10673       DL 0.3 ; %DL: 6559
  10674       DL 0.11787 ; %DL: 6559
  10675       QUAD 0.785 0 Q6W2 ; %QUAD:10321
  10676       DL 0.085 ; %DL: 6559
  10677       DL 0.215 ; %DL: 6559
  10678       SBEND 1.94 0.07853981588 0 0.03926990817 0.03586152553 0.0392699
                  0817 0.03586152553 0.5 0.5 ; %SBEND:10385
  10679       DL 0.3 ; %DL: 6559
  10680       SBEND 1.94 0.07853981588 0 0.03926990817 0.03586152553 0.0392699
                  0817 0.03586152553 0.5 0.5 ; %SBEND:10385
  10681       DL 0.3365 ; %DL: 6559
  10682       DL 0.3 ; %DL: 6559
  10683       DL 0.076 ; %DL: 6559
  10684       QUAD 0.375 0 Q7W2 ; %QUAD:10321
  10685       DL 5.1815 ; %DL: 6559
  10686       DL 0.3 ; %DL: 6559
  10687       DL 0.076 ; %DL: 6559
  10688       QUAD 0.235 0 QD ; %QUAD:10321
  10689       QUAD 0.235 0 QD ; %QUAD:10321
  10690       DL 5.144 ; %DL: 6559
  10691       DL 0.3 ; %DL: 6559
  10692       DL 0.076 ; %DL: 6559
  10693       QUAD 0.45 0 Q9W2 ; %QUAD:10321
  10694       DL 0.675 ; %DL: 6559
  10695       SBEND 1.94 0.07853981588 0 0.03926990817 0.03586152553 0.0392699
                  0817 0.03586152553 0.5 0.5 ; %SBEND:10385
  10696       DL 0.3 ; %DL: 6559
  10697       SBEND 1.94 0.07853981588 0 0.03926990817 0.03586152553 0.0392699
                  0817 0.03586152553 0.5 0.5 ; %SBEND:10385
  10698       DL 0.289 ; %DL: 6559
  10699       MH LEN_S SD 0.05; %MH: 7153
  10700       DL 0.076 ; %DL: 6559
  10701       QUAD 0.235 0 QD ; %QUAD:10321
  10702       QUAD 0.235 0 QD ; %QUAD:10321
  10703       DL 0.665 ; %DL: 6559
  10704       SBEND 1.94 0.07853981588 0 0.03926990817 0.03586152553 0.0392699
                  0817 0.03586152553 0.5 0.5 ; %SBEND:10385
  10705       DL 0.3 ; %DL: 6559
  10706       SBEND 1.94 0.07853981588 0 0.03926990817 0.03586152553 0.0392699
                  0817 0.03586152553 0.5 0.5 ; %SBEND:10385
  10707       DL 0.289 ; %DL: 6559
  10708       MH LEN_S SF 0.05; %MH: 7153
  10709       DL 0.076 ; %DL: 6559
  10710       QUAD 0.235 0 QF1 ; %QUAD:10321
  10711       QUAD 0.235 0 QF1 ; %QUAD:10321
  10712       DL 0.665 ; %DL: 6559
  10713       SBEND 1.94 0.07853981588 0 0.03926990817 0.03586152553 0.0392699
                  0817 0.03586152553 0.5 0.5 ; %SBEND:10385
  10714       DL 0.3 ; %DL: 6559
  10715       SBEND 1.94 0.07853981588 0 0.03926990817 0.03586152553 0.0392699
                  0817 0.03586152553 0.5 0.5 ; %SBEND:10385
  10716       DL 0.289 ; %DL: 6559
  10717       MH LEN_S SD 0.05; %MH: 7153
  10718       DL 0.076 ; %DL: 6559
  10719       QUAD 0.235 0 QD ; %QUAD:10321
  10720       QUAD 0.235 0 QD ; %QUAD:10321
  10721       DL 0.665 ; %DL: 6559
  10722       SBEND 1.94 0.07853981588 0 0.03926990817 0.03586152553 0.0392699
                  0817 0.03586152553 0.5 0.5 ; %SBEND:10385
  10723       DL 0.3 ; %DL: 6559
  10724       SBEND 1.94 0.07853981588 0 0.03926990817 0.03586152553 0.0392699
                  0817 0.03586152553 0.5 0.5 ; %SBEND:10385
  10725       DL 0.289 ; %DL: 6559
  10726       MH LEN_S SF 0.05; %MH: 7153
  10727       DL 0.076 ; %DL: 6559
  10728       QUAD 0.235 0 QF1 ; %QUAD:10321
  10729       QUAD 0.235 0 QF1 ; %QUAD:10321
  10730       DL 0.665 ; %DL: 6559
  10731       SBEND 1.94 0.07853981588 0 0.03926990817 0.03586152553 0.0392699
                  0817 0.03586152553 0.5 0.5 ; %SBEND:10385
  10732       DL 0.3 ; %DL: 6559
  10733       SBEND 1.94 0.07853981588 0 0.03926990817 0.03586152553 0.0392699
                  0817 0.03586152553 0.5 0.5 ; %SBEND:10385
  10734       DL 0.289 ; %DL: 6559
  10735       MH LEN_S SD 0.05; %MH: 7153
  10736       DL 0.076 ; %DL: 6559
  10737       QUAD 0.235 0 QD ; %QUAD:10321
  10738       QUAD 0.235 0 QD ; %QUAD:10321
  10739       DL 0.665 ; %DL: 6559
  10740       SBEND 1.94 0.07853981588 0 0.03926990817 0.03586152553 0.0392699
                  0817 0.03586152553 0.5 0.5 ; %SBEND:10385
  10741       DL 0.3 ; %DL: 6559
  10742       SBEND 1.94 0.07853981588 0 0.03926990817 0.03586152553 0.0392699
                  0817 0.03586152553 0.5 0.5 ; %SBEND:10385
  10743       DL 0.289 ; %DL: 6559
  10744       MH LEN_S SF 0.05; %MH: 7153
  10745       DL 0.076 ; %DL: 6559
  10746       QUAD 0.235 0 QF1 ; %QUAD:10321
  10747       QUAD 0.235 0 QF1 ; %QUAD:10321
  10748       DL 0.665 ; %DL: 6559
  10749       SBEND 1.94 0.07853981588 0 0.03926990817 0.03586152553 0.0392699
                  0817 0.03586152553 0.5 0.5 ; %SBEND:10385
  10750       DL 0.3 ; %DL: 6559
  10751       SBEND 1.94 0.07853981588 0 0.03926990817 0.03586152553 0.0392699
                  0817 0.03586152553 0.5 0.5 ; %SBEND:10385
  10752       DL 0.289 ; %DL: 6559
  10753       MH LEN_S SD 0.05; %MH: 7153
  10754       DL 0.076 ; %DL: 6559
  10755       QUAD 0.235 0 QD ; %QUAD:10321
  10756       QUAD 0.235 0 QD ; %QUAD:10321
  10757       DL 0.665 ; %DL: 6559
  10758       SBEND 1.94 0.07853981588 0 0.03926990817 0.03586152553 0.0392699
                  0817 0.03586152553 0.5 0.5 ; %SBEND:10385
  10759       DL 0.3 ; %DL: 6559
  10760       SBEND 1.94 0.07853981588 0 0.03926990817 0.03586152553 0.0392699
                  0817 0.03586152553 0.5 0.5 ; %SBEND:10385
  10761       DL 0.289 ; %DL: 6559
  10762       MH LEN_S SF 0.05; %MH: 7153
  10763       DL 0.076 ; %DL: 6559
  10764       QUAD 0.235 0 QF1 ; %QUAD:10321
  10765       QUAD 0.235 0 QF1 ; %QUAD:10321
  10766       DL 0.665 ; %DL: 6559
  10767       SBEND 1.94 0.07853981588 0 0.03926990817 0.03586152553 0.0392699
                  0817 0.03586152553 0.5 0.5 ; %SBEND:10385
  10768       DL 0.3 ; %DL: 6559
  10769       SBEND 1.94 0.07853981588 0 0.03926990817 0.03586152553 0.0392699
                  0817 0.03586152553 0.5 0.5 ; %SBEND:10385
  10770       DL 0.289 ; %DL: 6559
  10771       MH LEN_S SD 0.05; %MH: 7153
  10772       DL 0.076 ; %DL: 6559
  10773       QUAD 0.235 0 QD ; %QUAD:10321
  10774       QUAD 0.235 0 QD ; %QUAD:10321
  10775       DL 0.665 ; %DL: 6559
  10776       SBEND 1.94 0.07853981588 0 0.03926990817 0.03586152553 0.0392699
                  0817 0.03586152553 0.5 0.5 ; %SBEND:10385
  10777       DL 0.3 ; %DL: 6559
  10778       SBEND 1.94 0.07853981588 0 0.03926990817 0.03586152553 0.0392699
                  0817 0.03586152553 0.5 0.5 ; %SBEND:10385
  10779       DL 0.289 ; %DL: 6559
  10780       MH LEN_S SF 0.05; %MH: 7153
  10781       DL 0.076 ; %DL: 6559
  10782       QUAD 0.235 0 QF1 ; %QUAD:10321
  10783       QUAD 0.235 0 QF1 ; %QUAD:10321
  10784       DL 0.665 ; %DL: 6559
  10785       SBEND 1.94 0.07853981588 0 0.03926990817 0.03586152553 0.0392699
                  0817 0.03586152553 0.5 0.5 ; %SBEND:10385
  10786       DL 0.3 ; %DL: 6559
  10787       SBEND 1.94 0.07853981588 0 0.03926990817 0.03586152553 0.0392699
                  0817 0.03586152553 0.5 0.5 ; %SBEND:10385
  10788       DL 0.289 ; %DL: 6559
  10789       MH LEN_S SD 0.05; %MH: 7153
  10790       DL 0.076 ; %DL: 6559
  10791       QUAD 0.235 0 QD ; %QUAD:10321
  10792       QUAD 0.235 0 QD ; %QUAD:10321
  10793       DL 0.665 ; %DL: 6559
  10794       SBEND 1.94 0.07853981588 0 0.03926990817 0.03586152553 0.0392699
                  0817 0.03586152553 0.5 0.5 ; %SBEND:10385
  10795       DL 0.3 ; %DL: 6559
  10796       SBEND 1.94 0.07853981588 0 0.03926990817 0.03586152553 0.0392699
                  0817 0.03586152553 0.5 0.5 ; %SBEND:10385
  10797       DL 0.289 ; %DL: 6559
  10798       MH LEN_S SF 0.05; %MH: 7153
  10799       DL 0.076 ; %DL: 6559
  10800       QUAD 0.235 0 QF1 ; %QUAD:10321
  10801       QUAD 0.235 0 QF1 ; %QUAD:10321
  10802       DL 0.665 ; %DL: 6559
  10803       SBEND 1.94 0.07853981588 0 0.03926990817 0.03586152553 0.0392699
                  0817 0.03586152553 0.5 0.5 ; %SBEND:10385
  10804       DL 0.3 ; %DL: 6559
  10805       SBEND 1.94 0.07853981588 0 0.03926990817 0.03586152553 0.0392699
                  0817 0.03586152553 0.5 0.5 ; %SBEND:10385
  10806       DL 0.289 ; %DL: 6559
  10807       MH LEN_S SD 0.05; %MH: 7153
  10808       DL 0.076 ; %DL: 6559
  10809       QUAD 0.235 0 QD ; %QUAD:10321
  10810       QUAD 0.235 0 QD ; %QUAD:10321
  10811       DL 0.665 ; %DL: 6559
  10812       SBEND 1.94 0.07853981588 0 0.03926990817 0.03586152553 0.0392699
                  0817 0.03586152553 0.5 0.5 ; %SBEND:10385
  10813       DL 0.3 ; %DL: 6559
  10814       SBEND 1.94 0.07853981588 0 0.03926990817 0.03586152553 0.0392699
                  0817 0.03586152553 0.5 0.5 ; %SBEND:10385
  10815       DL 0.289 ; %DL: 6559
  10816       MH LEN_S SF 0.05; %MH: 7153
  10817       DL 0.076 ; %DL: 6559
  10818       QUAD 0.235 0 QF1 ; %QUAD:10321
  10819       QUAD 0.235 0 QF1 ; %QUAD:10321
  10820       DL 0.665 ; %DL: 6559
  10821       SBEND 1.94 0.07853981588 0 0.03926990817 0.03586152553 0.0392699
                  0817 0.03586152553 0.5 0.5 ; %SBEND:10385
  10822       DL 0.3 ; %DL: 6559
  10823       SBEND 1.94 0.07853981588 0 0.03926990817 0.03586152553 0.0392699
                  0817 0.03586152553 0.5 0.5 ; %SBEND:10385
  10824       DL 0.289 ; %DL: 6559
  10825       MH LEN_S SD 0.05; %MH: 7153
  10826       DL 0.076 ; %DL: 6559
  10827       QUAD 0.235 0 QD ; %QUAD:10321
  10828       QUAD 0.235 0 QD ; %QUAD:10321
  10829       DL 0.665 ; %DL: 6559
  10830       SBEND 1.94 0.07853981588 0 0.03926990817 0.03586152553 0.0392699
                  0817 0.03586152553 0.5 0.5 ; %SBEND:10385
  10831       DL 0.3 ; %DL: 6559
  10832       SBEND 1.94 0.07853981588 0 0.03926990817 0.03586152553 0.0392699
                  0817 0.03586152553 0.5 0.5 ; %SBEND:10385
  10833       DL 0.289 ; %DL: 6559
  10834       MH LEN_S SF 0.05; %MH: 7153
  10835       DL 0.076 ; %DL: 6559
  10836       QUAD 0.235 0 QF1 ; %QUAD:10321
  10837       QUAD 0.235 0 QF1 ; %QUAD:10321
  10838       DL 0.665 ; %DL: 6559
  10839       SBEND 1.94 0.07853981588 0 0.03926990817 0.03586152553 0.0392699
                  0817 0.03586152553 0.5 0.5 ; %SBEND:10385
  10840       DL 0.3 ; %DL: 6559
  10841       SBEND 1.94 0.07853981588 0 0.03926990817 0.03586152553 0.0392699
                  0817 0.03586152553 0.5 0.5 ; %SBEND:10385
  10842       DL 0.289 ; %DL: 6559
  10843       DL 0.3 ; %DL: 6559
  10844       DL 0.076 ; %DL: 6559
  10845       QUAD 0.235 0 QD ; %QUAD:10321
  10846       QUAD 0.235 0 QD ; %QUAD:10321
  10847       DL 0.665 ; %DL: 6559
  10848       SBEND 1.94 0.07853981588 0 0.03926990817 0.03586152553 0.0392699
                  0817 0.03586152553 0.5 0.5 ; %SBEND:10385
  10849       DL 0.3 ; %DL: 6559
  10850       SBEND 1.94 0.07853981588 0 0.03926990817 0.03586152553 0.0392699
                  0817 0.03586152553 0.5 0.5 ; %SBEND:10385
  10851       DL 0.299 ; %DL: 6559
  10852       DL 0.3 ; %DL: 6559
  10853       DL 0.076 ; %DL: 6559
  10854       QUAD 0.45 0 Q9W2 ; %QUAD:10321
  10855       DL 5.144 ; %DL: 6559
  10856       DL 0.3 ; %DL: 6559
  10857       DL 0.076 ; %DL: 6559
  10858       QUAD 0.235 0 QD ; %QUAD:10321
  10859       QUAD 0.235 0 QD ; %QUAD:10321
  10860       DL 5.1815 ; %DL: 6559
  10861       DL 0.3 ; %DL: 6559
  10862       DL 0.076 ; %DL: 6559
  10863       QUAD 0.375 0 Q7W2 ; %QUAD:10321
  10864       DL 0.7125 ; %DL: 6559
  10865       SBEND 1.94 0.07853981588 0 0.03926990817 0.03586152553 0.0392699
                  0817 0.03586152553 0.5 0.5 ; %SBEND:10385
  10866       DL 0.3 ; %DL: 6559
  10867       SBEND 1.94 0.07853981588 0 0.03926990817 0.03586152553 0.0392699
                  0817 0.03586152553 0.5 0.5 ; %SBEND:10385
  10868       DL 0.215 ; %DL: 6559
  10869       DL 0.085 ; %DL: 6559
  10870       QUAD 0.785 0 Q6W2 ; %QUAD:10321
  10871       DL 0.11787 ; %DL: 6559
  10872       DL 0.3 ; %DL: 6559
  10873       DL 0.1 ; %DL: 6559
  10874       QUAD 0.69 0 Q5W2 ; %QUAD:10321
  10875       DL 3.415; %DL: 6559
  10876       DL 6 ; %DL: 6559
  10877       SOLENOID 3.5 KS ; %SOLENOID:10473
  10878       QUAD 0.67 0 Q4W2 ; %QUAD:10321
  10879       DL 0.1 ; %DL: 6559
  10880       DL 0.3; %DL: 6559
  10881       DL 0.1 ; %DL: 6559
  10882       QUAD 0.56 0 Q3W2; %QUAD:10321
  10883       DL 0.415 ; %DL: 6559
  10884       QUAD 0.59 0 Q2W2; %QUAD:10321
  10885       DL 0.1 ; %DL: 6559
  10886       DL 0.3; %DL: 6559
  10887       DL 0.1 ; %DL: 6559
  10888       QUAD 0.545 0 Q1W2; %QUAD:10321
  10889       DL 8.1 ; %DL: 6559
  10890       DL 1.54 ; %DL: 6559
  10891       DL 0.3 ; %DL: 6559
  10892       DL 0.1 ; %DL: 6559
  10893       DL 10.0545 ; %DL: 6559
  10894       DL 0.1846151933; %DL: 6559
  10895       DL 0.3; %DL: 6559
  10896       DL 0.1 ; %DL: 6559
  10897       SBEND 1.38 0.04100340928 1.570796327 0 0 0 0 0 0 ; %SBEND:10385
  10898       DL 2.52301481 ; %DL: 6559
  10899       SBEND 1.38 -0.04100340928 1.570796327 0 0 0 0 0 0 ; %SBEND:10385

  10900       DL 0.2 ; %DL: 6559
  10901       DL 0.3 ; %DL: 6559
  10902       DL 0.1 ; %DL: 6559
  10903       QUAD 0.68 0 QFF3W ; %QUAD:10321
  10904       DL 0.7375 ; %DL: 6559
  10905       QUAD 1.415 0 QFF2W ; %QUAD:10321
  10906       DL 0.3225 ; %DL: 6559
  10907       QUAD 0.945 0 QFF1W ; %QUAD:10321
  10908       DL 5.25 ; %DL: 6559
  10909       ENDLOOP;
  10910     ENDPROCEDURE;
 --- BIN FILE WRITTEN: NICA_Gold
  10911   SAVE 'NICA_Gold';
