 --- BIN FILE READ: NICA_Gold
  10913 INCLUDE 'NICA_Gold';
  10914   PROCEDURE INJECT NUM PSI_DEG;
  10915     VARIABLE X 100;
  10916     VARIABLE I 1;
  10917     VARIABLE PSI 1;
  10918     VARIABLE SY 1;
  10919     VARIABLE SZ 1;
  10920     PSI := DEG2RAD(PSI_DEG); %DEG2RAD: 9856
  10921     X := LINSPACE(-3E-3, 3E-3, NUM); %LINSPACE: 9840
  10922     SY := SIN(PSI);
  10923     SZ := COS(PSI);
  10924     CR; %CR:  947
  10925     SR 0 0 0 0 0 0 0 0 1; %SR: 2082
  10926     SSR 0 SY SZ; %SSR: 2197
  10927     LOOP I 1 NUM;
  10928       SR X|I 0 0 0 0 0 0 0 1; %SR: 2082
  10929       SSR 0 SY SZ; %SSR: 2197
  10930       SR 0 0 X|I 0 0 0 0 0 1; %SR: 2082
  10931       SSR 0 SY SZ; %SSR: 2197
  10932       SR 0 0 0 0 0 (X|I)/10 0 0 1; %SR: 2082
  10933       SSR 0 SY SZ; %SSR: 2197
  10934       ENDLOOP;
  10935     ENDPROCEDURE;
  10936   PROCEDURE MAIN;
  10937     VARIABLE MRKR 200;
  10938     VARIABLE DGAMMA 1;
  10939     VARIABLE NFREE 1;
  10940     VARIABLE FTR 1;
  10941     VARIABLE CASE 1;
  10942     VARIABLE PCT 1;
  10943     VARIABLE I 1;
  10944     VARIABLE NTURN 1;
  10945     VARIABLE U 1;
  10946     VARIABLE M_P 1;
  10947     VARIABLE GAMMA 1;
  10948     VARIABLE NTOT 1;
  10949     VARIABLE DQ_MAX 1;
  10950     VARIABLE DQ_MIN 1;
  10951     VARIABLE DELTAQ 1;
  10952     VARIABLE SCALE 1;
  10953     VARIABLE NSWITCH 1;
  10954     VARIABLE SGX 1;
  10955     VARIABLE SGY 1;
  10956     VARIABLE PNUM 1;
  10957     VARIABLE PSI0_DEG 1;
  10958     VARIABLE RAYH 10000 8;
  10959     VARIABLE SPIH 10000 3;
  10960     VARIABLE MUARR 100 4;
  10961     OV 3 3 0; %OV:  969
  10962     TRR 1; %TRR: 5317
  10963     GAMMA := 7.0;
  10964     SET_FOR_PROTONS GAMMA; %SET_FOR_PROTONS:10543
  10965     PNUM := 10;
  10966     NSWITCH := 6225;
  10967     PSI0_DEG := 90;
  10968     MRKR := 'JUMP';
  10969     NFREE := 3000;
  10970     INJECT PNUM PSI0_DEG; %INJECT:10914
  10971     SRAY RAYH; %SRAY: 2442
  10972     SSPI SPIH; %SSPI: 2624
  10973     WRITE 6 '^^^^ INITIAL SPIN PSI'&SF(PSI0_DEG,'(F15.7)'); %SF:  285
  10974     OPENF 100501 'dat/TR/'&MRKR&'/TRPSPI_'&MRKR&'.dat' 'REPLACE';
  10975     WRITE 100501 '# number of rays:   '&SI(PNUM*3+2); %SI:  288
  10976     WRITE 100501 '# TURN PID S_X S_Y S_Z';
  10977     WRITETBL 100501 SPI 3 SF(0, '(I15)'); %WRITETBL: 9798 %SF:  285
  10978     OPENF 100502 'dat/TR/'&MRKR&'/TRPRAY_'&MRKR&'.dat' 'REPLACE';
  10979     WRITE 100502 '# number of rays:   '&SI(PNUM*3+2); %SI:  288
  10980     WRITE 100502 '# TURN PID X A Y B T D';
  10981     WRITETBL 100502 RAY 6 SF(0, '(I15)'); %WRITETBL: 9798 %SF:  285
  10982     OPENF 100503 'dat/TR/'&MRKR&'/TRMUARR_'&MRKR&'.dat' 'REPLACE';
  10983     WRITE 100503 '# number of rays:   '&SI(PNUM*3+2); %SI:  288
  10984     WRITE 100503 '# TURN PID NU NX NY NZ';
  10985     WRITE 6 'FREE POST-FLIP TRACKING';
  10986     DELTAQ := 0;
  10987     LATTICE SGX SGY 1 DELTAQ; %LATTICE:10580
  10988     WRITE 6 'END of LATTICE';
  10989     NTURN:=100;
  10990     TR NTURN NINT(NTURN) -1 -3 1.2 1.2 0 0 -12; %TR: 4756
  10991     GET_TUNE_ENSEMBLE MUARR; %GET_TUNE_ENSEMBLE: 9896
  10992     WRITETBL 100501 SPI   3 SF(NTURN, '(I15)'); %WRITETBL: 9798 %SF:  
                  285
  10993     WRITETBL 100502 RAY   6 SF(NTURN, '(I15)'); %WRITETBL: 9798 %SF:  
                  285
  10994     WRITETBL 100503 MUARR 4 SF(NTURN, '(I15)'); %WRITETBL: 9798 %SF:  
                  285
  10995     ENDPROCEDURE;
  10996   PROCEDURE RUN;
  10997     MAIN; %MAIN:10936
  10998     ENDPROCEDURE;
  10999   RUN; %RUN:10996
