 --- BIN FILE READ: NICA_Gold
  11294 INCLUDE 'NICA_Gold';
  11295   PROCEDURE MAIN;
  11296     VARIABLE GAMMA 1;
  11297     VARIABLE BETA 1;
  11298     VARIABLE SGX1 1;
  11299     VARIABLE SGY1 1;
  11300     VARIABLE DELTAQ 1;
  11301     VARIABLE MU_TP 800 3;
  11302     VARIABLE TUNE_X 1;
  11303     VARIABLE TUNE_Y 1;
  11304     VARIABLE CHROM_X 1;
  11305     VARIABLE CHROM_Y 1;
  11306     VARIABLE ETA0 1;
  11307     VARIABLE ETA1 1;
  11308     VARIABLE VALUE0 1;
  11309     VARIABLE VALUE1 1;
  11310     VARIABLE ALPHA0 1;
  11311     VARIABLE ALPHA1 1;
  11312     VARIABLE GAMMA_TR 1;
  11313     VARIABLE I 1;
  11314     GAMMA := 7.087;
  11315     BETA := SQRT(1-1/(GAMMA*GAMMA));
  11316     OV 4 2 1; %OV:  969
  11317     SET_FOR_PROTONS GAMMA; %SET_FOR_PROTONS:10543
  11318     SGX1 := 0.4251515614076008E-001;
  11319     SGY1 := -.8030397386446629E-001;
  11320     SGX1 := 0.4399056157902599E-001;
  11321     SGY1 := -.8371032046646720E-001;
  11322     SGX1 := 0.4103986387408100E-001;
  11323     SGY1 := -.7689884760955609E-001;
  11324     DELTAQ := -0.004493;
  11325     DELTAQ := 0.0;
  11326     LOOP I 1 1;
  11327       DELTAQ := DELTAQ + ((I-1) * 0.001123);
  11328       LATTICE SGX1 SGY1 1 DELTAQ; %LATTICE:10663
  11329       OPENF 3618 'dat/ALPHA/SEXTUPOLES.dat' 'REPLACE';
  11330       WRITE 3618 ST(DELTAQ);
  11331       WRITE 3618 ST(SGX1);
  11332       WRITE 3618 ST(SGY1);
  11333       CLOSEF 3618;
  11334       TP MU_TP ; %TP: 3955
  11335       WRITE 6 'DELTA DEPENDENT TUNES' MU_TP(1) MU_TP(2);
  11336       TUNE_X := CONS(MU_TP(1));
  11337       TUNE_Y := CONS(MU_TP(2));
  11338       CHROM_X := (MU_TP(1)|(0&0&0&0&1))*(1+1/GAMMA);
  11339       CHROM_Y := (MU_TP(2)|(0&0&0&0&1))*(1+1/GAMMA);
  11340       WRITE 6 'CHROM_X' CHROM_X 'CHROM_Y' CHROM_Y;
  11341       OS 'cosy Alpha_scan.fox';
  11342       OPENF 100500 'dat/ALPHA/ALPHA1.dat' 'OLD';
  11343       READ 100500 VALUE0;
  11344       READ 100500 VALUE1;
  11345       ALPHA0 := VALUE0;
  11346       ALPHA1 := VALUE1;
  11347       CLOSEF 100500;
  11348       GAMMA_TR := 1/SQRT(ALPHA0);
  11349       OPENF 3618 'dat/ALPHA/Transition.dat' 'OLD';
  11350       WRITE 3618 ST(DELTAQ);
  11351       WRITE 3618 ST(SGX1);
  11352       WRITE 3618 ST(SGY1);
  11353       WRITE 3618 ST(GAMMA_TR);
  11354       WRITE 3618 ST(ALPHA0);
  11355       WRITE 3618 ST(ALPHA1);
  11356       WRITE 3618 ST(TUNE_X);
  11357       WRITE 3618 ST(TUNE_Y);
  11358       WRITE 3618 ST(CHROM_X);
  11359       WRITE 3618 ST(CHROM_Y);
  11360       CLOSEF 3618;
  11361       WRITE 6 'GAMMA = '&ST(GAMMA);
  11362       WRITE 6 'DELTAQ := '&ST(DELTAQ)&';';
  11363       WRITE 6 'SGx1 := '&ST(SGX1)&';';
  11364       WRITE 6 'SGy1 := '&ST(SGY1)&';';
  11365       WRITE 6 'GAMMA_TR := '&ST(GAMMA_TR)&';';
  11366       WRITE 6 'ALPHA0 := '&ST(ALPHA0)&';';
  11367       WRITE 6 'ALPHA1 := '&ST(ALPHA1)&';';
  11368       WRITE 6 'TUNE_X := '&ST(TUNE_X)&';';
  11369       WRITE 6 'TUNE_Y := '&ST(TUNE_Y)&';';
  11370       WRITE 6 'CHROM_X := '&ST(CHROM_X)&';';
  11371       WRITE 6 'CHROM_Y := '&ST(CHROM_Y)&';';
  11372       ENDLOOP;
  11373     ENDPROCEDURE;
  11374   PROCEDURE RUN;
  11375     MAIN; %MAIN:11295
  11376     ENDPROCEDURE;
  11377   RUN; %RUN:11374
