 --- BIN FILE READ: NICA_Gold
  11294 INCLUDE 'NICA_Gold';
  11295   PROCEDURE MCMCALC ALPHA0 ALPHA1;
  11296     VARIABLE TMPALPHA 100;
  11297     VARIABLE I 1;
  11298     VARIABLE MCM0 1;
  11299     VARIABLE MCM1 1;
  11300     VARIABLE MCM2 1;
  11301     VARIABLE MCM3 1;
  11302     VARIABLE MCM4 1;
  11303     MCM MAP SPOS TMPALPHA; %MCM: 3587
  11304     MCM0 := -TMPALPHA|(0&0&0&0&0&0);
  11305     MCM1 := -TMPALPHA|(0&0&0&0&0&1);
  11306     MCM2 := -2*TMPALPHA|(0&0&0&0&0&2);
  11307     MCM3 := -2*3*TMPALPHA|(0&0&0&0&0&3);
  11308     MCM4 := -2*3*4*TMPALPHA|(0&0&0&0&0&4);
  11309     ALPHA0:= MCM1;
  11310     ALPHA1:= MCM2;
  11311     WRITE 6 '++++++++ MOMENTUM COMPACTION FACTOR ++++++++';
  11312     WRITE 6 'MC0 = '&ST(MCM0);
  11313     WRITE 6 'MC1 = '&ST(MCM1);
  11314     WRITE 6 'MC2 = '&ST(MCM2);
  11315     WRITE 6 'MC3 = '&ST(MCM3);
  11316     WRITE 6 'MC4 = '&ST(MCM4);
  11317     WRITE 6 '++++++++++++++++++++++++++++++++++++++++++++';
  11318     ENDPROCEDURE;
  11319   PROCEDURE MAIN;
  11320     VARIABLE GAMMA 1;
  11321     VARIABLE BETA 1;
  11322     VARIABLE MU 800;
  11323     VARIABLE NBAR 800 3;
  11324     VARIABLE ALPHA0 1;
  11325     VARIABLE ALPHA1 1;
  11326     VARIABLE ETA0 1;
  11327     VARIABLE ETA1 1;
  11328     VARIABLE SGX1 1;
  11329     VARIABLE SGY1 1;
  11330     VARIABLE DELTAQ 1;
  11331     VARIABLE MU_TP 800 3;
  11332     VARIABLE CHROM_X 1;
  11333     VARIABLE CHROM_Y 1;
  11334     GAMMA := 7.087;
  11335     BETA := SQRT(1-1/(GAMMA*GAMMA));
  11336     OV 4 3 0; %OV:  969
  11337     SET_FOR_PROTONS GAMMA; %SET_FOR_PROTONS:10543
  11338     OPENF 100500 'dat/ALPHA/SEXTUPOLES.dat' 'OLD';
  11339     READ 100500 DELTAQ;
  11340     READ 100500 SGX1;
  11341     READ 100500 SGY1;
  11342     CLOSEF 100500;
  11343     LATTICE SGX1 SGY1 1 DELTAQ; %LATTICE:10663
  11344     MCMCALC ALPHA0 ALPHA1; %MCMCALC:11295
  11345     WRITE 6 'ALPHA0 = '&ST(ALPHA0);
  11346     WRITE 6 'ALPHA1 = '&ST(ALPHA1);
  11347     ETA1 := ALPHA1+(3/2)*(BETA*BETA)/(GAMMA*GAMMA)-ALPHA0/(GAMMA*GAMMA
                  )+1/(GAMMA*GAMMA*GAMMA*GAMMA);
  11348     WRITE 6 'ETA1 = '&ST(ETA1);
  11349     OPENF 3618 'dat/ALPHA/ALPHA1.dat' 'REPLACE';
  11350     WRITE 3618 ALPHA0;
  11351     WRITE 3618 ALPHA1;
  11352     CLOSEF 3618;
  11353     WRITE 6 'Alpha Calculate DONE';
  11354     ENDPROCEDURE;
  11355   PROCEDURE RUN;
  11356     MAIN; %MAIN:11319
  11357     ENDPROCEDURE;
  11358   RUN; %RUN:11355
