 --- BIN FILE READ: header
  10579 INCLUDE 'header';
  10580   PROCEDURE LATTICE SEXTGX1 SEXTGY1 SEXTGX2 SEXTGY2 EB1 RFFLAG;
  10581     VARIABLE VRF 1 1 1;
  10582     VARIABLE FREQ 1;
  10583     VARIABLE HNUM 1;
  10584     VARIABLE I 1;
  10585     VARIABLE LEN_S 1;
  10586     VARIABLE A 1;
  10587     VARIABLE LEN_S_1 1;
  10588     VARIABLE EBE 1;
  10589     VARIABLE BBE 1;
  10590     VARIABLE SF1 1;
  10591     VARIABLE SF2 1;
  10592     VARIABLE SD 1;
  10593     VARIABLE SD1 1;
  10594     VARIABLE SFC 1;
  10595     VARIABLE SDC 1;
  10596     VARIABLE QF1 1;
  10597     VARIABLE QD 1;
  10598     VARIABLE Q7W2 1;
  10599     VARIABLE Q9W2 1;
  10600     VARIABLE Q5W2 1;
  10601     VARIABLE Q6W2 1;
  10602     VARIABLE QBP1 1;
  10603     VARIABLE QBP2 1;
  10604     VARIABLE QFS 1;
  10605     VARIABLE QDS 1;
  10606     VARIABLE QMF 1;
  10607     VARIABLE QMD 1;
  10608     VARIABLE O 1;
  10609     EBE := EB1;
  10610     A := 0.05;
  10611     LEN_S := 0.30;
  10612     LEN_S_1 := 0.000001;
  10613     SF1 := SEXTGX1;
  10614     SF2 := SEXTGX2;
  10615     SD  := SEXTGY1;
  10616     SD1 := SEXTGY2;
  10617     QF1:=0.5291938507;
  10618     QD:=-0.5180465069;
  10619     Q7W2:=0.5462726986;
  10620     Q9W2:=0.521884792;
  10621     Q6W2:=-0.5899853924;
  10622     Q5W2:=0.9571898423;
  10623     QMD:=-0.5915218127;
  10624     QMF:=0.9571898423;
  10625     QFS:=  0.4470983052;
  10626     QDS:= -0.5515748851;
  10627     QBP1:=2.654626982;
  10628     QBP2:=-1.399064318;
  10629     O:= 5.32845 ;
  10630     HNUM := 66;
  10631     VRF(1, 1) := 100/HNUM;
  10632     FREQ := HNUM*REVFREQ(FACCLEN(1)); %REVFREQ: 9907 %FACCLEN:10534
  10633     WRITE 6 '********************************************';
  10634     WRITE 6 '*      FS NICA BYPASS 7 NOW 2022           *';
  10635     WRITE 6 '********************************************';
  10636     WRITE 6 'REVOLUTION FREQUENCY: '&ST(REVFREQ(FACCLEN(1))/1E6)&' MHZ
                  '; %REVFREQ: 9907 %FACCLEN:10534
  10637     WRITE 6 'RF FREQUENCY: '&ST(FREQ/1E6)&' MHZ';
  10638     UM; %UM: 1488
  10639     CR; %CR:  947
  10640     IF RFFLAG=1;
  10641       RF VRF 0 FREQ 0 0.05; %RF: 8697
  10642       ENDIF;
  10643     LOOP I 1 2;
  10644       QUAD 0.235 0 QD ; %QUAD:10321
  10645       DL 0.665 ; %DL: 6559
  10646       SBEND 1.94 0.07853981588 0 0.03926990817 0.03586152553 0.0392699
                  0817 0.03586152553 0.5 0.5 ; %SBEND:10385
  10647       DL 0.3 ; %DL: 6559
  10648       SBEND 1.94 0.07853981588 0 0.03926990817 0.03586152553 0.0392699
                  0817 0.03586152553 0.5 0.5 ; %SBEND:10385
  10649       DL 0.289 ; %DL: 6559
  10650       MH LEN_S SF1 0.05; %MH: 7153
  10651       DL 0.076 ; %DL: 6559
  10652       QUAD 0.235 0 QF1 ; %QUAD:10321
  10653       QUAD 0.235 0 QF1 ; %QUAD:10321
  10654       DL 0.665 ; %DL: 6559
  10655       SBEND 1.94 0.07853981588 0 0.03926990817 0.03586152553 0.0392699
                  0817 0.03586152553 0.5 0.5 ; %SBEND:10385
  10656       DL 0.3 ; %DL: 6559
  10657       SBEND 1.94 0.07853981588 0 0.03926990817 0.03586152553 0.0392699
                  0817 0.03586152553 0.5 0.5 ; %SBEND:10385
  10658       DL 0.289 ; %DL: 6559
  10659       MH LEN_S SD 0.05; %MH: 7153
  10660       DL 0.076 ; %DL: 6559
  10661       QUAD 0.235 0 QD ; %QUAD:10321
  10662       QUAD 0.235 0 QD ; %QUAD:10321
  10663       DL 0.665 ; %DL: 6559
  10664       SBEND 1.94 0.07853981588 0 0.03926990817 0.03586152553 0.0392699
                  0817 0.03586152553 0.5 0.5 ; %SBEND:10385
  10665       DL 0.3 ; %DL: 6559
  10666       SBEND 1.94 0.07853981588 0 0.03926990817 0.03586152553 0.0392699
                  0817 0.03586152553 0.5 0.5 ; %SBEND:10385
  10667       DL 0.289 ; %DL: 6559
  10668       MH LEN_S SF2 0.05; %MH: 7153
  10669       DL 0.076 ; %DL: 6559
  10670       QUAD 0.235 0 QF1 ; %QUAD:10321
  10671       QUAD 0.235 0 QF1 ; %QUAD:10321
  10672       DL 0.665 ; %DL: 6559
  10673       SBEND 1.94 0.07853981588 0 0.03926990817 0.03586152553 0.0392699
                  0817 0.03586152553 0.5 0.5 ; %SBEND:10385
  10674       DL 0.3 ; %DL: 6559
  10675       SBEND 1.94 0.07853981588 0 0.03926990817 0.03586152553 0.0392699
                  0817 0.03586152553 0.5 0.5 ; %SBEND:10385
  10676       DL 0.289 ; %DL: 6559
  10677       MH LEN_S SD 0.05; %MH: 7153
  10678       DL 0.076 ; %DL: 6559
  10679       QUAD 0.235 0 QD ; %QUAD:10321
  10680       QUAD 0.235 0 QD ; %QUAD:10321
  10681       DL 0.665 ; %DL: 6559
  10682       SBEND 1.94 0.07853981588 0 0.03926990817 0.03586152553 0.0392699
                  0817 0.03586152553 0.5 0.5 ; %SBEND:10385
  10683       DL 0.3 ; %DL: 6559
  10684       SBEND 1.94 0.07853981588 0 0.03926990817 0.03586152553 0.0392699
                  0817 0.03586152553 0.5 0.5 ; %SBEND:10385
  10685       DL 0.289 ; %DL: 6559
  10686       MH LEN_S SF1 0.05; %MH: 7153
  10687       DL 0.076 ; %DL: 6559
  10688       QUAD 0.235 0 QF1 ; %QUAD:10321
  10689       QUAD 0.235 0 QF1 ; %QUAD:10321
  10690       DL 0.665 ; %DL: 6559
  10691       SBEND 1.94 0.07853981588 0 0.03926990817 0.03586152553 0.0392699
                  0817 0.03586152553 0.5 0.5 ; %SBEND:10385
  10692       DL 0.3 ; %DL: 6559
  10693       SBEND 1.94 0.07853981588 0 0.03926990817 0.03586152553 0.0392699
                  0817 0.03586152553 0.5 0.5 ; %SBEND:10385
  10694       DL 0.289 ; %DL: 6559
  10695       MH LEN_S SD 0.05; %MH: 7153
  10696       DL 0.076 ; %DL: 6559
  10697       QUAD 0.235 0 QD ; %QUAD:10321
  10698       QUAD 0.235 0 QD ; %QUAD:10321
  10699       DL 0.665 ; %DL: 6559
  10700       SBEND 1.94 0.07853981588 0 0.03926990817 0.03586152553 0.0392699
                  0817 0.03586152553 0.5 0.5 ; %SBEND:10385
  10701       DL 0.3 ; %DL: 6559
  10702       SBEND 1.94 0.07853981588 0 0.03926990817 0.03586152553 0.0392699
                  0817 0.03586152553 0.5 0.5 ; %SBEND:10385
  10703       DL 0.289 ; %DL: 6559
  10704       MH LEN_S SF2 0.05; %MH: 7153
  10705       DL 0.076 ; %DL: 6559
  10706       QUAD 0.235 0 QF1 ; %QUAD:10321
  10707       QUAD 0.235 0 QF1 ; %QUAD:10321
  10708       DL 0.665 ; %DL: 6559
  10709       SBEND 1.94 0.07853981588 0 0.03926990817 0.03586152553 0.0392699
                  0817 0.03586152553 0.5 0.5 ; %SBEND:10385
  10710       DL 0.3 ; %DL: 6559
  10711       SBEND 1.94 0.07853981588 0 0.03926990817 0.03586152553 0.0392699
                  0817 0.03586152553 0.5 0.5 ; %SBEND:10385
  10712       DL 0.289 ; %DL: 6559
  10713       DL 0.3 ; %DL: 6559
  10714       DL 0.076 ; %DL: 6559
  10715       QUAD 0.235 0 QD ; %QUAD:10321
  10716       QUAD 0.235 0 QD ; %QUAD:10321
  10717       DL 0.665 ; %DL: 6559
  10718       SBEND 1.94 0.07853981588 0 0.03926990817 0.03586152553 0.0392699
                  0817 0.03586152553 0.5 0.5 ; %SBEND:10385
  10719       DL 0.3 ; %DL: 6559
  10720       SBEND 1.94 0.07853981588 0 0.03926990817 0.03586152553 0.0392699
                  0817 0.03586152553 0.5 0.5 ; %SBEND:10385
  10721       DL 0.299 ; %DL: 6559
  10722       DL 0.3 ; %DL: 6559
  10723       DL 0.076 ; %DL: 6559
  10724       QUAD 0.45 0 Q9W2 ; %QUAD:10321
  10725       DL 5.144 ; %DL: 6559
  10726       MH LEN_S SD1 0.05; %MH: 7153
  10727       DL 0.076 ; %DL: 6559
  10728       QUAD 0.235 0 QD ; %QUAD:10321
  10729       QUAD 0.235 0 QD ; %QUAD:10321
  10730       DL 5.1815 ; %DL: 6559
  10731       DL 0.3 ; %DL: 6559
  10732       DL 0.076 ; %DL: 6559
  10733       QUAD 0.375 0 Q7W2 ; %QUAD:10321
  10734       DL 0.7125 ; %DL: 6559
  10735       SBEND 1.94 0.07853981588 0 0.03926990817 0.03586152553 0.0392699
                  0817 0.03586152553 0.5 0.5 ; %SBEND:10385
  10736       DL 0.3 ; %DL: 6559
  10737       SBEND 1.94 0.07853981588 0 0.03926990817 0.03586152553 0.0392699
                  0817 0.03586152553 0.5 0.5 ; %SBEND:10385
  10738       DL 0.215 ; %DL: 6559
  10739       DL 0.085 ; %DL: 6559
  10740       QUAD 0.785 0 Q6W2 ; %QUAD:10321
  10741       DL 0.11787 ; %DL: 6559
  10742       DL 0.3 ; %DL: 6559
  10743       DL 0.1 ; %DL: 6559
  10744       QUAD 0.69 0 Q5W2 ; %QUAD:10321
  10745       DL 0.47; %DL: 6559
  10746       SBEND 0.5 0.1570836107 0 0 0 0 0 0 0; %SBEND:10385
  10747       DL 1.0 ; %DL: 6559
  10748       QUAD 0.47 0 QBP2 ; %QUAD:10321
  10749       DL 1.0 ; %DL: 6559
  10750       QUAD 0.47 0 QBP1 ; %QUAD:10321
  10751       DL 1.0 ; %DL: 6559
  10752       QUAD 0.47 0 QBP2 ; %QUAD:10321
  10753       DL 1.0 ; %DL: 6559
  10754       QUAD 0.47 0 QBP1 ; %QUAD:10321
  10755       DL 1.0 ; %DL: 6559
  10756       QUAD 0.47 0 QBP2 ; %QUAD:10321
  10757       DL 1.0 ; %DL: 6559
  10758       SBEND 0.5 -0.1570836107 0 0 0 0 0 0 0; %SBEND:10385
  10759       DL 0.47; %DL: 6559
  10760       QUAD 0.69 0 QMF ; %QUAD:10321
  10761       DL 0.518 ; %DL: 6559
  10762       QUAD 0.785 0 QMD ; %QUAD:10321
  10763       DL 0.085 ; %DL: 6559
  10764       DL O; %DL: 6559
  10765       QUAD 0.235 0 QFS; %QUAD:10321
  10766       QUAD 0.235 0 QFS; %QUAD:10321
  10767       DL O; %DL: 6559
  10768       QUAD 0.235 0 QDS; %QUAD:10321
  10769       QUAD 0.235 0 QDS; %QUAD:10321
  10770       DL O; %DL: 6559
  10771       QUAD 0.235 0 QFS; %QUAD:10321
  10772       QUAD 0.235 0 QFS; %QUAD:10321
  10773       DL O; %DL: 6559
  10774       QUAD 0.235 0 QDS; %QUAD:10321
  10775       QUAD 0.235 0 QDS; %QUAD:10321
  10776       DL 0.1265353 ; %DL: 6559
  10777       WIEN 5.0753794 BBE EBE 0; %WIEN:10506
  10778       DL 0.1265353 ; %DL: 6559
  10779       QUAD 0.235 0 QFS; %QUAD:10321
  10780       QUAD 0.235 0 QFS; %QUAD:10321
  10781       DL 0.1265353 ; %DL: 6559
  10782       WIEN 5.0753794 BBE EBE 0; %WIEN:10506
  10783       DL 0.1265353 ; %DL: 6559
  10784       QUAD 0.235 0 QDS; %QUAD:10321
  10785       QUAD 0.235 0 QDS; %QUAD:10321
  10786       DL 0.1265353 ; %DL: 6559
  10787       WIEN 5.0753794 BBE EBE 0; %WIEN:10506
  10788       DL 0.1265353 ; %DL: 6559
  10789       QUAD 0.235 0 QFS; %QUAD:10321
  10790       QUAD 0.235 0 QFS; %QUAD:10321
  10791       DL 0.1265353 ; %DL: 6559
  10792       WIEN 5.0753794 BBE EBE 0; %WIEN:10506
  10793       DL 0.1265353 ; %DL: 6559
  10794       QUAD 0.235 0 QDS; %QUAD:10321
  10795       QUAD 0.235 0 QDS; %QUAD:10321
  10796       DL 0.1265353 ; %DL: 6559
  10797       WIEN 5.0753794 BBE EBE 0; %WIEN:10506
  10798       DL 0.1265353 ; %DL: 6559
  10799       QUAD 0.235 0 QFS; %QUAD:10321
  10800       QUAD 0.235 0 QFS; %QUAD:10321
  10801       DL 0.1265353 ; %DL: 6559
  10802       WIEN 5.0753794 BBE EBE 0; %WIEN:10506
  10803       DL 0.1265353 ; %DL: 6559
  10804       QUAD 0.235 0 QDS; %QUAD:10321
  10805       QUAD 0.235 0 QDS; %QUAD:10321
  10806       DL O; %DL: 6559
  10807       QUAD 0.235 0 QFS; %QUAD:10321
  10808       QUAD 0.235 0 QFS; %QUAD:10321
  10809       DL O; %DL: 6559
  10810       QUAD 0.235 0 QDS; %QUAD:10321
  10811       QUAD 0.235 0 QDS; %QUAD:10321
  10812       DL O; %DL: 6559
  10813       QUAD 0.235 0 QFS; %QUAD:10321
  10814       QUAD 0.235 0 QFS; %QUAD:10321
  10815       DL O; %DL: 6559
  10816       DL 0.085 ; %DL: 6559
  10817       QUAD 0.785 0 QMD ; %QUAD:10321
  10818       DL 0.518 ; %DL: 6559
  10819       QUAD 0.69 0 QMF ; %QUAD:10321
  10820       DL 0.47; %DL: 6559
  10821       SBEND 0.5 -0.1570836107 0 0 0 0 0 0 0; %SBEND:10385
  10822       DL 1.0 ; %DL: 6559
  10823       QUAD 0.47 0 QBP2 ; %QUAD:10321
  10824       DL 1.0 ; %DL: 6559
  10825       QUAD 0.47 0 QBP1 ; %QUAD:10321
  10826       DL 1.0 ; %DL: 6559
  10827       QUAD 0.47 0 QBP2 ; %QUAD:10321
  10828       DL 1.0 ; %DL: 6559
  10829       QUAD 0.47 0 QBP1 ; %QUAD:10321
  10830       DL 1.0 ; %DL: 6559
  10831       QUAD 0.47 0 QBP2 ; %QUAD:10321
  10832       DL 1.0 ; %DL: 6559
  10833       SBEND 0.5 0.1570836107 0 0 0 0 0 0 0; %SBEND:10385
  10834       DL 0.47 ; %DL: 6559
  10835       QUAD 0.69 0 Q5W2 ; %QUAD:10321
  10836       DL 0.1 ; %DL: 6559
  10837       DL 0.3 ; %DL: 6559
  10838       DL 0.11787 ; %DL: 6559
  10839       QUAD 0.785 0 Q6W2 ; %QUAD:10321
  10840       DL 0.085 ; %DL: 6559
  10841       DL 0.215 ; %DL: 6559
  10842       SBEND 1.94 0.07853981588 0 0.03926990817 0.03586152553 0.0392699
                  0817 0.03586152553 0.5 0.5 ; %SBEND:10385
  10843       DL 0.3 ; %DL: 6559
  10844       SBEND 1.94 0.07853981588 0 0.03926990817 0.03586152553 0.0392699
                  0817 0.03586152553 0.5 0.5 ; %SBEND:10385
  10845       DL 0.3365 ; %DL: 6559
  10846       DL 0.3 ; %DL: 6559
  10847       DL 0.076 ; %DL: 6559
  10848       QUAD 0.375 0 Q7W2 ; %QUAD:10321
  10849       DL 5.1815 ; %DL: 6559
  10850       MH LEN_S SD1 0.05; %MH: 7153
  10851       DL 0.076 ; %DL: 6559
  10852       QUAD 0.235 0 QD ; %QUAD:10321
  10853       QUAD 0.235 0 QD ; %QUAD:10321
  10854       DL 5.144 ; %DL: 6559
  10855       DL 0.3 ; %DL: 6559
  10856       DL 0.076 ; %DL: 6559
  10857       QUAD 0.45 0 Q9W2 ; %QUAD:10321
  10858       DL 0.675 ; %DL: 6559
  10859       SBEND 1.94 0.07853981588 0 0.03926990817 0.03586152553 0.0392699
                  0817 0.03586152553 0.5 0.5 ; %SBEND:10385
  10860       DL 0.3 ; %DL: 6559
  10861       SBEND 1.94 0.07853981588 0 0.03926990817 0.03586152553 0.0392699
                  0817 0.03586152553 0.5 0.5 ; %SBEND:10385
  10862       DL 0.289 ; %DL: 6559
  10863       MH LEN_S SD 0.05; %MH: 7153
  10864       DL 0.076 ; %DL: 6559
  10865       QUAD 0.235 0 QD ; %QUAD:10321
  10866       QUAD 0.235 0 QD ; %QUAD:10321
  10867       DL 0.665 ; %DL: 6559
  10868       SBEND 1.94 0.07853981588 0 0.03926990817 0.03586152553 0.0392699
                  0817 0.03586152553 0.5 0.5 ; %SBEND:10385
  10869       DL 0.3 ; %DL: 6559
  10870       SBEND 1.94 0.07853981588 0 0.03926990817 0.03586152553 0.0392699
                  0817 0.03586152553 0.5 0.5 ; %SBEND:10385
  10871       DL 0.289 ; %DL: 6559
  10872       MH LEN_S SF1 0.05; %MH: 7153
  10873       DL 0.076 ; %DL: 6559
  10874       QUAD 0.235 0 QF1 ; %QUAD:10321
  10875       QUAD 0.235 0 QF1 ; %QUAD:10321
  10876       DL 0.665 ; %DL: 6559
  10877       SBEND 1.94 0.07853981588 0 0.03926990817 0.03586152553 0.0392699
                  0817 0.03586152553 0.5 0.5 ; %SBEND:10385
  10878       DL 0.3 ; %DL: 6559
  10879       SBEND 1.94 0.07853981588 0 0.03926990817 0.03586152553 0.0392699
                  0817 0.03586152553 0.5 0.5 ; %SBEND:10385
  10880       DL 0.289 ; %DL: 6559
  10881       MH LEN_S SD 0.05; %MH: 7153
  10882       DL 0.076 ; %DL: 6559
  10883       QUAD 0.235 0 QD ; %QUAD:10321
  10884       QUAD 0.235 0 QD ; %QUAD:10321
  10885       DL 0.665 ; %DL: 6559
  10886       SBEND 1.94 0.07853981588 0 0.03926990817 0.03586152553 0.0392699
                  0817 0.03586152553 0.5 0.5 ; %SBEND:10385
  10887       DL 0.3 ; %DL: 6559
  10888       SBEND 1.94 0.07853981588 0 0.03926990817 0.03586152553 0.0392699
                  0817 0.03586152553 0.5 0.5 ; %SBEND:10385
  10889       DL 0.289 ; %DL: 6559
  10890       MH LEN_S SF2 0.05; %MH: 7153
  10891       DL 0.076 ; %DL: 6559
  10892       QUAD 0.235 0 QF1 ; %QUAD:10321
  10893       QUAD 0.235 0 QF1 ; %QUAD:10321
  10894       DL 0.665 ; %DL: 6559
  10895       SBEND 1.94 0.07853981588 0 0.03926990817 0.03586152553 0.0392699
                  0817 0.03586152553 0.5 0.5 ; %SBEND:10385
  10896       DL 0.3 ; %DL: 6559
  10897       SBEND 1.94 0.07853981588 0 0.03926990817 0.03586152553 0.0392699
                  0817 0.03586152553 0.5 0.5 ; %SBEND:10385
  10898       DL 0.289 ; %DL: 6559
  10899       MH LEN_S SD 0.05; %MH: 7153
  10900       DL 0.076 ; %DL: 6559
  10901       QUAD 0.235 0 QD ; %QUAD:10321
  10902       QUAD 0.235 0 QD ; %QUAD:10321
  10903       DL 0.665 ; %DL: 6559
  10904       SBEND 1.94 0.07853981588 0 0.03926990817 0.03586152553 0.0392699
                  0817 0.03586152553 0.5 0.5 ; %SBEND:10385
  10905       DL 0.3 ; %DL: 6559
  10906       SBEND 1.94 0.07853981588 0 0.03926990817 0.03586152553 0.0392699
                  0817 0.03586152553 0.5 0.5 ; %SBEND:10385
  10907       DL 0.289 ; %DL: 6559
  10908       MH LEN_S SF1 0.05; %MH: 7153
  10909       DL 0.076 ; %DL: 6559
  10910       QUAD 0.235 0 QF1 ; %QUAD:10321
  10911       QUAD 0.235 0 QF1 ; %QUAD:10321
  10912       DL 0.665 ; %DL: 6559
  10913       SBEND 1.94 0.07853981588 0 0.03926990817 0.03586152553 0.0392699
                  0817 0.03586152553 0.5 0.5 ; %SBEND:10385
  10914       DL 0.3 ; %DL: 6559
  10915       SBEND 1.94 0.07853981588 0 0.03926990817 0.03586152553 0.0392699
                  0817 0.03586152553 0.5 0.5 ; %SBEND:10385
  10916       DL 0.289 ; %DL: 6559
  10917       MH LEN_S SD 0.05; %MH: 7153
  10918       DL 0.076 ; %DL: 6559
  10919       QUAD 0.235 0 QD ; %QUAD:10321
  10920       QUAD 0.235 0 QD ; %QUAD:10321
  10921       DL 0.665 ; %DL: 6559
  10922       SBEND 1.94 0.07853981588 0 0.03926990817 0.03586152553 0.0392699
                  0817 0.03586152553 0.5 0.5 ; %SBEND:10385
  10923       DL 0.3 ; %DL: 6559
  10924       SBEND 1.94 0.07853981588 0 0.03926990817 0.03586152553 0.0392699
                  0817 0.03586152553 0.5 0.5 ; %SBEND:10385
  10925       DL 0.289 ; %DL: 6559
  10926       MH LEN_S SF2 0.05; %MH: 7153
  10927       DL 0.076 ; %DL: 6559
  10928       QUAD 0.235 0 QF1 ; %QUAD:10321
  10929       QUAD 0.235 0 QF1 ; %QUAD:10321
  10930       DL 0.665 ; %DL: 6559
  10931       SBEND 1.94 0.07853981588 0 0.03926990817 0.03586152553 0.0392699
                  0817 0.03586152553 0.5 0.5 ; %SBEND:10385
  10932       DL 0.3 ; %DL: 6559
  10933       SBEND 1.94 0.07853981588 0 0.03926990817 0.03586152553 0.0392699
                  0817 0.03586152553 0.5 0.5 ; %SBEND:10385
  10934       DL 0.289 ; %DL: 6559
  10935       MH LEN_S SD 0.05; %MH: 7153
  10936       DL 0.076 ; %DL: 6559
  10937       QUAD 0.235 0 QD ; %QUAD:10321
  10938       ENDLOOP;
  10939     ENDPROCEDURE;
 --- BIN FILE WRITTEN: BYPASS_REAL_4_fam_NEW
  10940   SAVE 'BYPASS_REAL_4_fam_NEW';
