 --- BIN FILE READ: BYPASS_REAL_4_fam_NEW
  10940 INCLUDE 'BYPASS_REAL_4_fam_NEW';
  10941   PROCEDURE MAIN;
  10942     VARIABLE WHERE 100;
  10943     VARIABLE MRKR 10;
  10944     VARIABLE GAMMA 1;
  10945     VARIABLE MAPSE 1;
  10946     VARIABLE MU 800;
  10947     VARIABLE NBAR 800 3;
  10948     VARIABLE EL 1;
  10949     VARIABLE PNUM 1;
  10950     VARIABLE PSI0_DEG 1;
  10951     VARIABLE NTURN 1;
  10952     VARIABLE TUNE 800 3;
  10953     VARIABLE MU_TP 800 3;
  10954     VARIABLE CHROM_X 1;
  10955     VARIABLE CHROM_Y 1;
  10956     VARIABLE SGX1 1;
  10957     VARIABLE SGY1 1;
  10958     VARIABLE EB1 1;
  10959     VARIABLE SGX2 1;
  10960     VARIABLE SGY2 1;
  10961     VARIABLE A 100 2 ;
  10962     VARIABLE B 100 2 ;
  10963     VARIABLE G 100 2 ;
  10964     VARIABLE R 100 2 ;
  10965     VARIABLE F 100 6 ;
  10966     GROUTF 'img/dump/TR' 1;
  10967     GAMMA := 1.12792344429;
  10968     MRKR := 'REAL';
  10969     OV 4 2 1; %OV:  969
  10970     SET_FOR_DEUTERONS GAMMA; %SET_FOR_DEUTERONS:10561
  10971     EB1 := 99.04;
  10972     OPENF 100500 'dat/ALPHA/SEXTUPOLES.dat' 'OLD';
  10973     READ 100500 SGX1;
  10974     READ 100500 SGY1;
  10975     READ 100500 SGX2;
  10976     READ 100500 SGY2;
  10977     CLOSEF 100500;
  10978     LATTICE SGX1 SGY1 SGX2 SGY2 EB1 1; %LATTICE:10580
  10979     TP MU_TP ; %TP: 3955
  10980     CHROM_X:= (MU_TP(1)|(0&0&0&0&1))*(1+1/GAMMA);
  10981     CHROM_Y:= (MU_TP(2)|(0&0&0&0&1))*(1+1/GAMMA);
  10982     WRITE 6 'CHROM_X' CHROM_X 'CHROM_Y' CHROM_Y;
  10983     OPENF 3618 'dat/ALPHA/Chrom.dat' 'REPLACE';
  10984     WRITE 3618 CHROM_X;
  10985     WRITE 3618 CHROM_Y;
  10986     CLOSEF 3618;
  10987     ENDPROCEDURE;
  10988   PROCEDURE RUN;
  10989     MAIN; %MAIN:10941
  10990     ENDPROCEDURE;
  10991   RUN; %RUN:10988
