 --- BIN FILE READ: NICA_Gold
  10999 INCLUDE 'NICA_Gold';
  11000   PROCEDURE MAIN;
  11001     VARIABLE WHERE 100;
  11002     VARIABLE MRKR 10;
  11003     VARIABLE GAMMA 1;
  11004     VARIABLE MAPSE 1;
  11005     VARIABLE MU 800;
  11006     VARIABLE NBAR 800 3;
  11007     VARIABLE EL 1;
  11008     VARIABLE MU_TP 800 3;
  11009     VARIABLE CHROM_X 1;
  11010     VARIABLE CHROM_Y 1;
  11011     VARIABLE SGX1 1;
  11012     VARIABLE SGY1 1;
  11013     VARIABLE EB1 1;
  11014     VARIABLE SGX2 1;
  11015     VARIABLE SGY2 1;
  11016     VARIABLE A 100 2 ;
  11017     VARIABLE B 100 2 ;
  11018     VARIABLE G 100 2 ;
  11019     VARIABLE R 100 2 ;
  11020     VARIABLE F 100 6 ;
  11021     GAMMA := 14.956074;
  11022     MRKR := 'Chrom';
  11023     OV 3 2 1; %OV:  969
  11024     SET_FOR_PROTONS GAMMA; %SET_FOR_PROTONS:10543
  11025     SGX1 :=  0.0;
  11026     SGY1  := 0.0;
  11027     LATTICE SGX1 SGY1 0 0; %LATTICE:10663
  11028     PM 6; %PM: 1574
  11029     WRITE 6 '++++++++++ Magnetic Rigidity';
  11030     WRITE 6 CONS(CHIM);
  11031     TP MU_TP ; %TP: 3955
  11032     WRITE 6 'DELTA DEPENDENT TUNES' MU_TP(1) MU_TP(2) ;
  11033     CHROM_X:= (MU_TP(1)|(0&0&0&0&1))*(1+1/GAMMA);
  11034     CHROM_Y:= (MU_TP(2)|(0&0&0&0&1))*(1+1/GAMMA);
  11035     WRITE 6 'CHROM_X' CHROM_X 'CHROM_Y' CHROM_Y;
  11036     LOOP EL 1 3;
  11037       OPENF 3618 'dat/TR/'&MRKR&'/MU_TP'&MRK(EL)&'_'&MRKR&'.dat' 'REPL
                  ACE'; %MRK: 9786
  11038       WRITE 3618 MU_TP(EL);
  11039       CLOSEF 3618;
  11040       ENDLOOP;
  11041     WRITE 6 'SGx1 := '&ST(SGX1)&';';
  11042     WRITE 6 'SGy1 := '&ST(SGY1)&';';
  11043     ENDPROCEDURE;
  11044   PROCEDURE RUN;
  11045     MAIN; %MAIN:11000
  11046     ENDPROCEDURE;
  11047   RUN; %RUN:11044
