 --- BIN FILE READ: BYPASS_REAL_4_fam_NEW_maps
  11528 INCLUDE 'BYPASS_REAL_4_fam_NEW_maps';
  11529   PROCEDURE INJECT;
  11530     CR; %CR:  947
  11531     SR 0 0 0 0 0 0 0 0 1; %SR: 2082
  11532     SSR 0 0 1; %SSR: 2197
  11533     SR 1E-3 0 0 0 0 0 0 0 1; %SR: 2082
  11534     SSR 0 0 1; %SSR: 2197
  11535     SR 0 0 0 0 0 1E-4 0 0 1; %SR: 2082
  11536     SSR 0 0 1; %SSR: 2197
  11537     SR .5E-3 0 0 0 0 0 0 0 1; %SR: 2082
  11538     SSR 0 0 1; %SSR: 2197
  11539     SR 0 0 .5E-3 0 0 0 0 0 1; %SR: 2082
  11540     SSR 0 0 1; %SSR: 2197
  11541     ENDPROCEDURE;
  11542   PROCEDURE INJECT1 NUM;
  11543     VARIABLE X 100;
  11544     VARIABLE I 1;
  11545     CR; %CR:  947
  11546     X := LINSPACE(-1E-3, 1E-3, NUM); %LINSPACE: 9840
  11547     LOOP I 1 NUM;
  11548       SR X|I 0 0 0 0 0 0 0 1; %SR: 2082
  11549       SSR 0 0 1; %SSR: 2197
  11550       SR 0 0 X|I 0 0 0 0 0 1; %SR: 2082
  11551       SSR 0 0 1; %SSR: 2197
  11552       SR 0 0 0 0 0 (X|I)/10 0 0 1; %SR: 2082
  11553       SSR 0 0 1; %SSR: 2197
  11554       ENDLOOP;
  11555     ENDPROCEDURE;
  11556   PROCEDURE INJECT_SPIN NUM;
  11557     VARIABLE T 100;
  11558     VARIABLE C 100;
  11559     VARIABLE S 100;
  11560     VARIABLE I 1;
  11561     T := LINSPACE(0, 2*PI, NUM); %LINSPACE: 9840
  11562     C := COS(T);
  11563     S := SIN(T);
  11564     CR; %CR:  947
  11565     LOOP I 1 NUM;
  11566       SR 0 0 0 0 0 0 0 0 1; %SR: 2082
  11567       SSR C|I S|I 0; %SSR: 2197
  11568       SR 0 0 0 0 0 0 0 0 1; %SR: 2082
  11569       SSR C|I 0 S|I; %SSR: 2197
  11570       SR 0 0 0 0 0 0 0 0 1; %SR: 2082
  11571       SSR 0 C|I S|I; %SSR: 2197
  11572       ENDLOOP;
  11573     ENDPROCEDURE;
  11574   PROCEDURE RUN;
  11575     VARIABLE WHERE 100;
  11576     VARIABLE MAPPARAMS 1 6;
  11577     VARIABLE MAPARR 1000 6 324;
  11578     VARIABLE SPNRARR 1000 3 3 324;
  11579     VARIABLE SGX1 1;
  11580     VARIABLE SGY1 1;
  11581     VARIABLE SGX2 1;
  11582     VARIABLE SGY2 1;
  11583     VARIABLE EB1 1;
  11584     GROUTF 'img/dump/TR' 1;
  11585     OV 3 3 0; %OV:  969
  11586     SET_FOR_DEUTERONS 1.12792344429; %SET_FOR_DEUTERONS:10561
  11587     EB1 := 99.14849674631157;
  11588     SGX1 :=  0.0;
  11589     SGY1  := 0.0;
  11590     SGX2 :=  0.0;
  11591     SGY2  := 0.0;
  11592     LATTICE SGX1 SGY1 SGX2 SGY2 EB1 1 MAPARR SPNRARR; %LATTICE:10580
  11593     INJECT1 10; %INJECT1:11542
  11594     OPENF 924 'TRPRAY_SEQ.dat' 'REPLACE';
  11595     OPENF 925 'TRPSPI_SEQ.dat' 'REPLACE';
  11596     TREL MAPARR SPNRARR 1 294 1 924 925; %TREL:10140
  11597     CLOSEF 924;
  11598     CLOSEF 925;
  11599     ENDPROCEDURE;
  11600   RUN; %RUN:11574
