 --- BIN FILE READ: BYPASS_REAL_SEQ
  10934 INCLUDE 'BYPASS_REAL_SEQ';
  10935   PROCEDURE OPTIMIZE_OLD SEXTGX1 SEXTGX2 SEXTGY EBE BBE;
  10936     VARIABLE OBJ 1;
  10937     VARIABLE EB1 1;
  10938     VARIABLE EB2 1;
  10939     VARIABLE SXX 1;
  10940     VARIABLE SYY 1;
  10941     VARIABLE SZZ 1;
  10942     VARIABLE SXZ 1;
  10943     VARIABLE SGX1 1;
  10944     VARIABLE SGX2 1;
  10945     VARIABLE SGY 1;
  10946     SGX1 := SEXTGX1;
  10947     SGX2 := SEXTGX2;
  10948     SGY := SEXTGY;
  10949     EB1 := EBE;
  10950     EB2 := BBE;
  10951     FIT EB1 EB2;
  10952       LATTICE SGX1 SGX2 SGY EB1 EB2 1; %LATTICE:10580
  10953       SXX := CONS(SPNR(1,1));
  10954       SXZ := CONS(SPNR(1,3));
  10955       SYY := CONS(SPNR(2,2));
  10956       SZZ := CONS(SPNR(3,3));
  10957       WRITE 6 'SXX = '&ST(SXX);
  10958       WRITE 6 'SXZ = '&ST(SXZ);
  10959       WRITE 6 'SZZ = '&ST(SZZ);
  10960       OBJ := SQRT(SQR(SXX-1) + SQR(SXZ));
  10961       WRITE 6 'EBE, BBE = '&ST(EB1)&', '&ST(EB2);
  10962       WRITE 6 'OBJ ='&ST(OBJ);
  10963       ENDFIT 1E-12 1000 1 OBJ;
  10964     EBE := EB1;
  10965     BBE := EB2;
  10966     ENDPROCEDURE;
  10967   PROCEDURE OPTIMIZE SEXTGX1 SEXTGY1 EBE;
  10968     VARIABLE MU 800;
  10969     VARIABLE NBAR 800 3;
  10970     VARIABLE MU0 1;
  10971     VARIABLE OBJ1 1;
  10972     VARIABLE OBJ2 1;
  10973     VARIABLE OBJ 1;
  10974     VARIABLE SGX1 1;
  10975     VARIABLE SGY1 1;
  10976     VARIABLE EB1 1;
  10977     VARIABLE GAMMA 1;
  10978     WRITE 6 'BEGIN';
  10979     SGX1 := SEXTGX1;
  10980     SGY1 := SEXTGY1;
  10981     EB1 := EBE;
  10982     WRITE 6 'SGx1, SGy1, EB1= '&ST(SGX1)&' '&ST(SGY1)&' '&ST(EB1);
  10983     GAMMA := 1.12792344429;
  10984     FIT EB1;
  10985       LATTICE SGX1 SGY1 EB1 1; %LATTICE:10580
  10986       WRITE 6 'LATTICE ALREADY READ';
  10987       TSS MU NBAR 0; %TSS: 4289
  10988       WRITE 6 'TSS DONE';
  10989       MU0 := CONS(MU);
  10990       OBJ := ABS(MU0);
  10991       WRITE 6 'EBE, MU0 = '&ST(EB1)&', '&ST(MU0);
  10992       WRITE 6 'OBJ ='&ST(OBJ);
  10993       ENDFIT 1E-15 1000 1 OBJ;
  10994     EBE := EB1;
  10995     ENDPROCEDURE;
  10996   PROCEDURE MAIN;
  10997     VARIABLE GAMMA 1;
  10998     VARIABLE SGX1 1;
  10999     VARIABLE SGY1 1;
  11000     VARIABLE EB1 1;
  11001     VARIABLE EB2 2;
  11002     VARIABLE LEN_S 1;
  11003     VARIABLE A 1;
  11004     VARIABLE MU 800;
  11005     VARIABLE NBAR 800 3;
  11006     GAMMA := 1.12792344429;
  11007     A := 0.05;
  11008     LEN_S := 0.30;
  11009     SGX1 :=  0.0;
  11010     SGY1  := 0.0;
  11011     OV 3 3 0; %OV:  969
  11012     SET_FOR_DEUTERONS GAMMA; %SET_FOR_DEUTERONS:10561
  11013     EB1 := 99.0;
  11014     WRITE 6 'SGx1, SGy1, EB1 = '&ST(SGX1)&' '&ST(SGY1)&' '&ST(EB1);
  11015     OPTIMIZE SGX1 SGY1 EB1; %OPTIMIZE:10967
  11016     WRITE 6 'USE SGx1, SGy1, EB1 = '&ST(SGX1)&' '&ST(SGY1)&' '&ST(EB1)
                  ;
  11017     ENDPROCEDURE;
  11018   PROCEDURE RUN;
  11019     MAIN; %MAIN:10996
  11020     ENDPROCEDURE;
  11021   RUN; %RUN:11018
