 --- BIN FILE READ: NICA_Gold
  11294 INCLUDE 'NICA_Gold';
  11295   PROCEDURE OPTIMIZE_CHROM SEXTGX1 SEXTGY1;
  11296     VARIABLE OBJ 1;
  11297     VARIABLE SGX1 1;
  11298     VARIABLE SGY1 1;
  11299     VARIABLE GAMMA 1;
  11300     VARIABLE CHROM_X 1;
  11301     VARIABLE CHROM_Y 1;
  11302     VARIABLE MU_TP 800 3;
  11303     WRITE 6 'BEGIN';
  11304     SGX1 := SEXTGX1;
  11305     SGY1 := SEXTGY1;
  11306     WRITE 6 'SGx1, SGy1 = '&ST(SGX1)&' '&ST(SGY1);
  11307     GAMMA := 7.087;
  11308     FIT SGX1 SGY1;
  11309       LATTICE SGX1 SGY1 1 0; %LATTICE:10663
  11310       TP MU_TP; %TP: 3955
  11311       CHROM_X := (MU_TP(1)|(0&0&0&0&1))*(1+1/GAMMA);
  11312       CHROM_Y := (MU_TP(2)|(0&0&0&0&1))*(1+1/GAMMA);
  11313       OBJ := SQRT(SQR(1+CHROM_X) + SQR(1+CHROM_Y));
  11314       WRITE 6 'SGx1, SGy1 = '&ST(SGX1)&' '&ST(SGY1);
  11315       WRITE 6 'CHROM_X, CHROM_Y='&ST(CHROM_X)&' '&ST(CHROM_Y);
  11316       WRITE 6 'OBJ ='&ST(OBJ);
  11317       ENDFIT 1E-5 2000 1 OBJ;
  11318     WRITE 6 '====================================';
  11319     WRITE 6 'SGx1, SGy1 = '&ST(SGX1)&' '&ST(SGY1);
  11320     WRITE 6 'CHROM_X, CHROM_Y='&ST(CHROM_X)&' '&ST(CHROM_Y);
  11321     WRITE 6 'OBJ ='&ST(OBJ);
  11322     SEXTGX1 := SGX1;
  11323     SEXTGY1 := SGY1;
  11324     ENDPROCEDURE;
  11325   PROCEDURE MAIN;
  11326     VARIABLE GAMMA 1;
  11327     VARIABLE SGX1 1;
  11328     VARIABLE SGY1 1;
  11329     GAMMA := 7.087;
  11330     OV 3 2 1; %OV:  969
  11331     SET_FOR_PROTONS GAMMA; %SET_FOR_PROTONS:10543
  11332     SGX1 := 0.0;
  11333     SGY1 := 0.0;
  11334     SGX1 := 0.4251515614076008E-001;
  11335     SGY1 := -.8030397386446629E-001;
  11336     WRITE 6 'SGx1, SGy1 = '&ST(SGX1)&' '&ST(SGY1);
  11337     OPTIMIZE_CHROM SGX1 SGY1; %OPTIMIZE_CHROM:11295
  11338     WRITE 6 'SGx1 := '&ST(SGX1)&';';
  11339     WRITE 6 'SGy1 := '&ST(SGY1)&';';
  11340     ENDPROCEDURE;
  11341   PROCEDURE RUN;
  11342     MAIN; %MAIN:11325
  11343     ENDPROCEDURE;
  11344   RUN; %RUN:11341
