 --- BIN FILE READ: BYPASS_REAL_4_fam_NEW
  10940 INCLUDE 'BYPASS_REAL_4_fam_NEW';
  10941   PROCEDURE MAIN;
  10942     VARIABLE WHERE 100;
  10943     VARIABLE MRKR 10;
  10944     VARIABLE GAMMA 1;
  10945     VARIABLE MAPSE 1;
  10946     VARIABLE MU 800;
  10947     VARIABLE NBAR 800 3;
  10948     VARIABLE EL 1;
  10949     VARIABLE PNUM 1;
  10950     VARIABLE PSI0_DEG 1;
  10951     VARIABLE NTURN 1;
  10952     VARIABLE TUNE 800 3;
  10953     VARIABLE MU_TP 800 3;
  10954     VARIABLE CHROM_X 1;
  10955     VARIABLE CHROM_Y 1;
  10956     VARIABLE SGX1 1;
  10957     VARIABLE SGX2 1;
  10958     VARIABLE SGY1 1;
  10959     VARIABLE SGY2 1;
  10960     VARIABLE EB1 1;
  10961     VARIABLE EB2 1;
  10962     VARIABLE QUADKX 1;
  10963     VARIABLE QUADKY 1;
  10964     VARIABLE QUADKZ 1;
  10965     VARIABLE MU0 1;
  10966     GROUTF 'img/dump/TR' 1;
  10967     GAMMA := 1.12792344429;
  10968     MRKR := 'REAL';
  10969     OV 3 3 0; %OV:  969
  10970     SET_FOR_DEUTERONS GAMMA; %SET_FOR_DEUTERONS:10561
  10971     EB1 := 99.04;
  10972     SGX1 := 0.5342689558739405E-002;
  10973     SGY1 := -.1043642483357742E-001;
  10974     SGX2 := 0.0000000000000000E+000;
  10975     SGY2 := 0.0000000000000000E+000;
  10976     LATTICE SGX1 SGY1 SGX2 SGY2 EB1 1; %LATTICE:10580
  10977     PM 6; %PM: 1574
  10978     WRITE 6 '++++++++++ Magnetic Rigidity';
  10979     WRITE 6 CONS(CHIM);
  10980     TSS MU NBAR 0; %TSS: 4289
  10981     OPENF 3618 'dat/'&MRKR&'/NU_'&MRKR&'.dat' 'REPLACE';
  10982     WRITE 3618 MU;
  10983     CLOSEF 3618;
  10984     MU0 := CONS(MU);
  10985     DAPEE MU 11 QUADKX;
  10986     DAPEE MU 33 QUADKY;
  10987     DAPEE MU 66 QUADKZ;
  10988     WRITE 6 'EB1 = '&ST(EB1);
  10989     WRITE 6 'SGx1 := '&ST(SGX1)&';';
  10990     WRITE 6 'SGy1 := '&ST(SGY1)&';';
  10991     WRITE 6 'SGx2 := '&ST(SGX2)&';';
  10992     WRITE 6 'SGy2 := '&ST(SGY2)&';';
  10993     WRITE 6 'quadKx, quadKy, quadKz= '&ST(QUADKX)&' '&ST(QUADKY)&' '&S
                  T(QUADKZ);
  10994     WRITE 6 'MU0 = '&ST(MU0);
  10995     ENDPROCEDURE;
  10996   PROCEDURE RUN;
  10997     MAIN; %MAIN:10941
  10998     ENDPROCEDURE;
  10999   RUN; %RUN:10996
