 --- BIN FILE READ: BYPASS_REAL_4_fam_NEW
  10940 INCLUDE 'BYPASS_REAL_4_fam_NEW';
  10941   PROCEDURE MCMCALC ALPHA0 ALPHA1;
  10942     VARIABLE TMPALPHA 100;
  10943     VARIABLE I 1;
  10944     VARIABLE MCM0 1;
  10945     VARIABLE MCM1 1;
  10946     VARIABLE MCM2 1;
  10947     VARIABLE MCM3 1;
  10948     VARIABLE MCM4 1;
  10949     MCM MAP SPOS TMPALPHA; %MCM: 3587
  10950     MCM0 := -TMPALPHA|(0&0&0&0&0&0);
  10951     MCM1 := -TMPALPHA|(0&0&0&0&0&1);
  10952     MCM2 := -2*TMPALPHA|(0&0&0&0&0&2);
  10953     MCM3 := -2*3*TMPALPHA|(0&0&0&0&0&3);
  10954     MCM4 := -2*3*4*TMPALPHA|(0&0&0&0&0&4);
  10955     ALPHA0:= MCM1;
  10956     ALPHA1:= MCM2;
  10957     WRITE 6 '++++++++ MOMENTUM COMPACTION FACTOR ++++++++';
  10958     WRITE 6 'MC0 = '&ST(MCM0);
  10959     WRITE 6 'MC1 = '&ST(MCM1);
  10960     WRITE 6 'MC2 = '&ST(MCM2);
  10961     WRITE 6 'MC3 = '&ST(MCM3);
  10962     WRITE 6 'MC4 = '&ST(MCM4);
  10963     WRITE 6 '++++++++++++++++++++++++++++++++++++++++++++';
  10964     ENDPROCEDURE;
  10965   PROCEDURE MAIN;
  10966     VARIABLE GAMMA 1;
  10967     VARIABLE BETA 1;
  10968     VARIABLE SGX1 1;
  10969     VARIABLE SGY1 1;
  10970     VARIABLE EB1 1;
  10971     VARIABLE SGX2 1;
  10972     VARIABLE SGY2 1;
  10973     VARIABLE MU 800;
  10974     VARIABLE NBAR 800 3;
  10975     VARIABLE MU_N_ARR 5000 1000;
  10976     VARIABLE CHROM_X 1;
  10977     VARIABLE CHROM_Y 1;
  10978     VARIABLE VALUE0 1;
  10979     VARIABLE VALUE1 1;
  10980     VARIABLE ALPHA0 1;
  10981     VARIABLE ALPHA1 1;
  10982     VARIABLE ETA1 1;
  10983     GAMMA := 1.12792344429;
  10984     OV 3 3 0; %OV:  969
  10985     SET_FOR_PROTONS GAMMA; %SET_FOR_PROTONS:10543
  10986     SGX1 := 0.0;
  10987     SGY1 := 0.0;
  10988     SGX2 := 0.0;
  10989     SGY2 := 0.0;
  10990     LATTICE SGX1 SGY1 SGX2 SGY2 0 0; %LATTICE:10580
  10991     SR 0 0 0 0 0 0 0 0 1; %SR: 2082
  10992     SSR 0 0 1; %SSR: 2197
  10993     SR 1*1E-3 0 0 0 0 0 0 0 1; %SR: 2082
  10994     SSR 0 0 1; %SSR: 2197
  10995     SR 0 0 1*1E-3 0 0 0 0 0 1; %SR: 2082
  10996     SSR 0 0 1; %SSR: 2197
  10997     SR 0 0 0 0 0 (5*1E-3)/10 0 0 1; %SR: 2082
  10998     SSR 0 0 1; %SSR: 2197
  10999     WRITE 6 '+++++++++++++++++++++SEXTUPOLES++++++++++++++++++++++++++
                  +';
  11000     WRITE 6 'SGx1 := '&ST(SGX1)&';';
  11001     WRITE 6 'SGy1 := '&ST(SGY1)&';';
  11002     OPENF 3618 'dat/ALPHA/SEXTUPOLES.dat' 'REPLACE';
  11003     WRITE 3618 ST(SGX1);
  11004     WRITE 3618 ST(SGY1);
  11005     WRITE 3618 ST(SGX2);
  11006     WRITE 3618 ST(SGY2);
  11007     CLOSEF 3618;
  11008     TSS MU NBAR 0; %TSS: 4289
  11009     GET_TUNE_ENSEMBLE MU_N_ARR; %GET_TUNE_ENSEMBLE: 9896
  11010     WRITE 6 '+++++++++++++++++++++++++SPIN TUNE+++++++++++++++++++++++
                  ++';
  11011     WRITE 6 'CONS(MU)' CONS(MU);
  11012     WRITE 6 'MU_N_ARR' MU_N_ARR(1)|1 MU_N_ARR(1)|2 MU_N_ARR(1)|3 MU_N_
                  ARR(1)|4 MU_N_ARR(1)|5;
  11013     WRITE 6 'SPIN-TUNE' MU_N_ARR(1)|3-CONS(MU) MU_N_ARR(1)|4-CONS(MU) 
                  MU_N_ARR(1)|5-CONS(MU);
  11014     WRITE 6 '+++++++++++++++++++++++++ALPHA+++++++++++++++++++++++++++
                  +';
  11015     MCMCALC ALPHA0 ALPHA1; %MCMCALC:10941
  11016     WRITE 6 'ALPHA0 = '&ST(ALPHA0);
  11017     WRITE 6 'ALPHA1 = '&ST(ALPHA1);
  11018     ETA1 := ALPHA1+(3/2)*(BETA*BETA)/(GAMMA*GAMMA)-ALPHA0/(GAMMA*GAMMA
                  )+1/(GAMMA*GAMMA*GAMMA*GAMMA);
  11019     WRITE 6 'ETA1 = '&ST(ETA1);
  11020     ENDPROCEDURE;
  11021   PROCEDURE RUN;
  11022     MAIN; %MAIN:10965
  11023     ENDPROCEDURE;
  11024   RUN; %RUN:11021
