 --- BIN FILE READ: NICA_Gold
  10913 INCLUDE 'NICA_Gold';
  10914   PROCEDURE INJECT NUM PSI_DEG;
  10915     VARIABLE X 100;
  10916     VARIABLE I 1;
  10917     VARIABLE PSI 1;
  10918     VARIABLE SY 1;
  10919     VARIABLE SZ 1;
  10920     PSI := DEG2RAD(PSI_DEG); %DEG2RAD: 9856
  10921     X := LINSPACE(-1E-3, 1E-3, NUM); %LINSPACE: 9840
  10922     SY := SIN(PSI);
  10923     SZ := COS(PSI);
  10924     SR 0 0 0 0 0 0 0 0 1; %SR: 2082
  10925     SSR 0 SY SZ; %SSR: 2197
  10926     LOOP I 1 NUM;
  10927       SR X|I 0 0 0 0 0 0 0 1; %SR: 2082
  10928       SSR 0 SY SZ; %SSR: 2197
  10929       SR 0 0 X|I 0 0 0 0 0 1; %SR: 2082
  10930       SSR 0 SY SZ; %SSR: 2197
  10931       SR 0 0 0 0 0 (X|I)/10 0 0 1; %SR: 2082
  10932       SSR 0 SY SZ; %SSR: 2197
  10933       ENDLOOP;
  10934     ENDPROCEDURE;
  10935   PROCEDURE MAIN;
  10936     VARIABLE WHERE 100;
  10937     VARIABLE MRKR 10;
  10938     VARIABLE DEG 10;
  10939     VARIABLE SPIN_TUNE 10;
  10940     VARIABLE CHROM 10;
  10941     VARIABLE SEQ 10;
  10942     VARIABLE GAMMA 1;
  10943     VARIABLE MAPSE 1;
  10944     VARIABLE MU 800;
  10945     VARIABLE NBAR 800 3;
  10946     VARIABLE EL 1;
  10947     VARIABLE PNUM 1;
  10948     VARIABLE PSI0_DEG 1;
  10949     VARIABLE NTURN 1;
  10950     VARIABLE SGX1 1;
  10951     VARIABLE SGY1 1;
  10952     VARIABLE SGX2 1;
  10953     VARIABLE SGY2 1;
  10954     VARIABLE EB1 1;
  10955     VARIABLE EB2 1;
  10956     GROUTF 'img/dump/TR' 1;
  10957     GAMMA := 7.0;
  10958     NTURN := 1000;
  10959     PSI0_DEG := 45;
  10960     PNUM := 10;
  10961     DEG := '45';
  10962     CHROM := 'N';
  10963     MRKR := 'D'&DEG&'_C'&CHROM&'';
  10964     OV 4 3 0; %OV:  969
  10965     DAEPS 1E-12;
  10966     SET_FOR_PROTONS GAMMA; %SET_FOR_PROTONS:10543
  10967     SGX1 :=  0.0;
  10968     SGY1  := 0.0;
  10969     LATTICE SGX1 SGY1 0 0; %LATTICE:10580
  10970     PM 6; %PM: 1574
  10971     WRITE 6 '++++++++++ Magnetic Rigidity';
  10972     WRITE 6 CONS(CHIM);
  10973     INJECT PNUM PSI0_DEG; %INJECT:10914
  10974     WRITE 6 '******************** STARTING TRACKING';
  10975     OPENF 99 'dat/ST/'&MRKR&'/PRAY_'&MRKR&'.dat' 'REPLACE';
  10976     PRAY 99; %PRAY: 2299
  10977     CLOSEF 99;
  10978     OPENF 772 'dat/ST/'&MRKR&'/TRPRAY_'&MRKR&'.dat' 'REPLACE';
  10979     OPENF 893 'dat/ST/'&MRKR&'/TRPSPI_'&MRKR&'.dat' 'REPLACE';
  10980     TRPRAY 772; %TRPRAY: 5327
  10981     TRPSPI 893; %TRPSPI: 5337
  10982     TR NTURN INT(NTURN/10) -1 -3 1.2 1.2 0 0 -12; %TR: 4756
  10983     CLOSEF 772;
  10984     CLOSEF 893;
  10985     ENDPROCEDURE;
  10986   PROCEDURE RUN;
  10987     MAIN; %MAIN:10935
  10988     ENDPROCEDURE;
  10989   RUN; %RUN:10986
